[2020-08-10 12:13:06] [CyberSource\Authentication\Core\MerchantConfiguration] [INFO] authenticationType =>HTTP_SIGNATURE
[DEBUG] HTTP Request body  ~BEGIN~
{"clientReferenceInformation":{"code":"9Pay-001"},"processingInformation":{"capture":false},"paymentInformation":{"card":{"number":"4111111111111111","expirationMonth":"12","expirationYear":"2031"}},"orderInformation":{"amountDetails":{"totalAmount":"102.21","currency":"USD"},"billTo":{"firstName":"9pay","lastName":"9pay","address1":"Toa nha tay ha","locality":"Ha noi","administrativeArea":"CA","postalCode":"7000000","country":"VN","email":"vienld@9pay.vn","phoneNumber":"0904391603"}}}
~END~
* Expire in 0 ms for 6 (transfer 0x28ae7bf0fe0)
* Expire in 1 ms for 1 (transfer 0x28ae7bf0fe0)
* Expire in 0 ms for 1 (transfer 0x28ae7bf0fe0)
* Expire in 1 ms for 1 (transfer 0x28ae7bf0fe0)
* Expire in 0 ms for 1 (transfer 0x28ae7bf0fe0)
* Expire in 0 ms for 1 (transfer 0x28ae7bf0fe0)
* Expire in 1 ms for 1 (transfer 0x28ae7bf0fe0)
* Expire in 0 ms for 1 (transfer 0x28ae7bf0fe0)
* Expire in 0 ms for 1 (transfer 0x28ae7bf0fe0)
* Expire in 1 ms for 1 (transfer 0x28ae7bf0fe0)
* Expire in 0 ms for 1 (transfer 0x28ae7bf0fe0)
* Expire in 0 ms for 1 (transfer 0x28ae7bf0fe0)
* Expire in 1 ms for 1 (transfer 0x28ae7bf0fe0)
* Expire in 0 ms for 1 (transfer 0x28ae7bf0fe0)
* Expire in 0 ms for 1 (transfer 0x28ae7bf0fe0)
* Expire in 1 ms for 1 (transfer 0x28ae7bf0fe0)
* Expire in 0 ms for 1 (transfer 0x28ae7bf0fe0)
* Expire in 0 ms for 1 (transfer 0x28ae7bf0fe0)
* Expire in 1 ms for 1 (transfer 0x28ae7bf0fe0)
* Expire in 0 ms for 1 (transfer 0x28ae7bf0fe0)
* Expire in 0 ms for 1 (transfer 0x28ae7bf0fe0)
* Expire in 1 ms for 1 (transfer 0x28ae7bf0fe0)
* Expire in 0 ms for 1 (transfer 0x28ae7bf0fe0)
* Expire in 0 ms for 1 (transfer 0x28ae7bf0fe0)
* Expire in 1 ms for 1 (transfer 0x28ae7bf0fe0)
* Expire in 0 ms for 1 (transfer 0x28ae7bf0fe0)
* Expire in 0 ms for 1 (transfer 0x28ae7bf0fe0)
* Expire in 1 ms for 1 (transfer 0x28ae7bf0fe0)
* Expire in 0 ms for 1 (transfer 0x28ae7bf0fe0)
* Expire in 0 ms for 1 (transfer 0x28ae7bf0fe0)
* Expire in 1 ms for 1 (transfer 0x28ae7bf0fe0)
* Expire in 0 ms for 1 (transfer 0x28ae7bf0fe0)
* Expire in 0 ms for 1 (transfer 0x28ae7bf0fe0)
* Expire in 1 ms for 1 (transfer 0x28ae7bf0fe0)
* Expire in 0 ms for 1 (transfer 0x28ae7bf0fe0)
* Expire in 0 ms for 1 (transfer 0x28ae7bf0fe0)
* Expire in 1 ms for 1 (transfer 0x28ae7bf0fe0)
* Expire in 0 ms for 1 (transfer 0x28ae7bf0fe0)
* Expire in 0 ms for 1 (transfer 0x28ae7bf0fe0)
* Expire in 1 ms for 1 (transfer 0x28ae7bf0fe0)
* Expire in 0 ms for 1 (transfer 0x28ae7bf0fe0)
* Expire in 0 ms for 1 (transfer 0x28ae7bf0fe0)
* Expire in 1 ms for 1 (transfer 0x28ae7bf0fe0)
* Expire in 0 ms for 1 (transfer 0x28ae7bf0fe0)
* Expire in 0 ms for 1 (transfer 0x28ae7bf0fe0)
* Expire in 1 ms for 1 (transfer 0x28ae7bf0fe0)
* Expire in 0 ms for 1 (transfer 0x28ae7bf0fe0)
* Expire in 0 ms for 1 (transfer 0x28ae7bf0fe0)
* Expire in 1 ms for 1 (transfer 0x28ae7bf0fe0)
* Expire in 0 ms for 1 (transfer 0x28ae7bf0fe0)
* Expire in 0 ms for 1 (transfer 0x28ae7bf0fe0)
* Expire in 1 ms for 1 (transfer 0x28ae7bf0fe0)
* Expire in 0 ms for 1 (transfer 0x28ae7bf0fe0)
* Expire in 0 ms for 1 (transfer 0x28ae7bf0fe0)
* Expire in 1 ms for 1 (transfer 0x28ae7bf0fe0)
* Expire in 0 ms for 1 (transfer 0x28ae7bf0fe0)
* Expire in 0 ms for 1 (transfer 0x28ae7bf0fe0)
* Expire in 1 ms for 1 (transfer 0x28ae7bf0fe0)
* Expire in 0 ms for 1 (transfer 0x28ae7bf0fe0)
* Expire in 0 ms for 1 (transfer 0x28ae7bf0fe0)
* Expire in 1 ms for 1 (transfer 0x28ae7bf0fe0)
* Expire in 0 ms for 1 (transfer 0x28ae7bf0fe0)
* Expire in 0 ms for 1 (transfer 0x28ae7bf0fe0)
* Expire in 1 ms for 1 (transfer 0x28ae7bf0fe0)
* Expire in 0 ms for 1 (transfer 0x28ae7bf0fe0)
* Expire in 0 ms for 1 (transfer 0x28ae7bf0fe0)
* Expire in 1 ms for 1 (transfer 0x28ae7bf0fe0)
* Expire in 0 ms for 1 (transfer 0x28ae7bf0fe0)
* Expire in 0 ms for 1 (transfer 0x28ae7bf0fe0)
* Expire in 1 ms for 1 (transfer 0x28ae7bf0fe0)
* Expire in 0 ms for 1 (transfer 0x28ae7bf0fe0)
* Expire in 0 ms for 1 (transfer 0x28ae7bf0fe0)
* Expire in 1 ms for 1 (transfer 0x28ae7bf0fe0)
* Expire in 0 ms for 1 (transfer 0x28ae7bf0fe0)
* Expire in 0 ms for 1 (transfer 0x28ae7bf0fe0)
* Expire in 1 ms for 1 (transfer 0x28ae7bf0fe0)
* Expire in 0 ms for 1 (transfer 0x28ae7bf0fe0)
* Expire in 0 ms for 1 (transfer 0x28ae7bf0fe0)
* Expire in 1 ms for 1 (transfer 0x28ae7bf0fe0)
* Expire in 0 ms for 1 (transfer 0x28ae7bf0fe0)
* Expire in 0 ms for 1 (transfer 0x28ae7bf0fe0)
* Expire in 1 ms for 1 (transfer 0x28ae7bf0fe0)
* Expire in 0 ms for 1 (transfer 0x28ae7bf0fe0)
* Expire in 0 ms for 1 (transfer 0x28ae7bf0fe0)
* Expire in 1 ms for 1 (transfer 0x28ae7bf0fe0)
* Expire in 0 ms for 1 (transfer 0x28ae7bf0fe0)
* Expire in 0 ms for 1 (transfer 0x28ae7bf0fe0)
* Expire in 1 ms for 1 (transfer 0x28ae7bf0fe0)
* Expire in 0 ms for 1 (transfer 0x28ae7bf0fe0)
* Expire in 0 ms for 1 (transfer 0x28ae7bf0fe0)
* Expire in 1 ms for 1 (transfer 0x28ae7bf0fe0)
* Expire in 0 ms for 1 (transfer 0x28ae7bf0fe0)
* Expire in 0 ms for 1 (transfer 0x28ae7bf0fe0)
* Expire in 1 ms for 1 (transfer 0x28ae7bf0fe0)
* Expire in 0 ms for 1 (transfer 0x28ae7bf0fe0)
* Expire in 0 ms for 1 (transfer 0x28ae7bf0fe0)
* Expire in 1 ms for 1 (transfer 0x28ae7bf0fe0)
* Expire in 0 ms for 1 (transfer 0x28ae7bf0fe0)
* Expire in 0 ms for 1 (transfer 0x28ae7bf0fe0)
* Expire in 1 ms for 1 (transfer 0x28ae7bf0fe0)
* Expire in 0 ms for 1 (transfer 0x28ae7bf0fe0)
* Expire in 0 ms for 1 (transfer 0x28ae7bf0fe0)
* Expire in 1 ms for 1 (transfer 0x28ae7bf0fe0)
* Expire in 0 ms for 1 (transfer 0x28ae7bf0fe0)
* Expire in 0 ms for 1 (transfer 0x28ae7bf0fe0)
* Expire in 1 ms for 1 (transfer 0x28ae7bf0fe0)
* Expire in 0 ms for 1 (transfer 0x28ae7bf0fe0)
* Expire in 0 ms for 1 (transfer 0x28ae7bf0fe0)
* Expire in 1 ms for 1 (transfer 0x28ae7bf0fe0)
* Expire in 0 ms for 1 (transfer 0x28ae7bf0fe0)
* Expire in 0 ms for 1 (transfer 0x28ae7bf0fe0)
* Expire in 1 ms for 1 (transfer 0x28ae7bf0fe0)
* Expire in 0 ms for 1 (transfer 0x28ae7bf0fe0)
* Expire in 0 ms for 1 (transfer 0x28ae7bf0fe0)
* Expire in 1 ms for 1 (transfer 0x28ae7bf0fe0)
* Expire in 0 ms for 1 (transfer 0x28ae7bf0fe0)
* Expire in 0 ms for 1 (transfer 0x28ae7bf0fe0)
* Expire in 1 ms for 1 (transfer 0x28ae7bf0fe0)
* Expire in 0 ms for 1 (transfer 0x28ae7bf0fe0)
* Expire in 0 ms for 1 (transfer 0x28ae7bf0fe0)
* Expire in 1 ms for 1 (transfer 0x28ae7bf0fe0)
* Expire in 0 ms for 1 (transfer 0x28ae7bf0fe0)
* Expire in 0 ms for 1 (transfer 0x28ae7bf0fe0)
* Expire in 1 ms for 1 (transfer 0x28ae7bf0fe0)
* Expire in 0 ms for 1 (transfer 0x28ae7bf0fe0)
* Expire in 0 ms for 1 (transfer 0x28ae7bf0fe0)
* Expire in 1 ms for 1 (transfer 0x28ae7bf0fe0)
* Expire in 0 ms for 1 (transfer 0x28ae7bf0fe0)
* Expire in 0 ms for 1 (transfer 0x28ae7bf0fe0)
* Expire in 1 ms for 1 (transfer 0x28ae7bf0fe0)
* Expire in 0 ms for 1 (transfer 0x28ae7bf0fe0)
* Expire in 0 ms for 1 (transfer 0x28ae7bf0fe0)
* Expire in 1 ms for 1 (transfer 0x28ae7bf0fe0)
* Expire in 0 ms for 1 (transfer 0x28ae7bf0fe0)
* Expire in 0 ms for 1 (transfer 0x28ae7bf0fe0)
* Expire in 1 ms for 1 (transfer 0x28ae7bf0fe0)
* Expire in 0 ms for 1 (transfer 0x28ae7bf0fe0)
* Expire in 0 ms for 1 (transfer 0x28ae7bf0fe0)
* Expire in 1 ms for 1 (transfer 0x28ae7bf0fe0)
* Expire in 0 ms for 1 (transfer 0x28ae7bf0fe0)
* Expire in 0 ms for 1 (transfer 0x28ae7bf0fe0)
* Expire in 1 ms for 1 (transfer 0x28ae7bf0fe0)
* Expire in 0 ms for 1 (transfer 0x28ae7bf0fe0)
* Expire in 0 ms for 1 (transfer 0x28ae7bf0fe0)
* Expire in 1 ms for 1 (transfer 0x28ae7bf0fe0)
* Expire in 0 ms for 1 (transfer 0x28ae7bf0fe0)
* Expire in 0 ms for 1 (transfer 0x28ae7bf0fe0)
* Expire in 1 ms for 1 (transfer 0x28ae7bf0fe0)
* Expire in 0 ms for 1 (transfer 0x28ae7bf0fe0)
* Expire in 0 ms for 1 (transfer 0x28ae7bf0fe0)
* Expire in 1 ms for 1 (transfer 0x28ae7bf0fe0)
* Expire in 0 ms for 1 (transfer 0x28ae7bf0fe0)
* Expire in 0 ms for 1 (transfer 0x28ae7bf0fe0)
* Expire in 1 ms for 1 (transfer 0x28ae7bf0fe0)
* Expire in 0 ms for 1 (transfer 0x28ae7bf0fe0)
* Expire in 0 ms for 1 (transfer 0x28ae7bf0fe0)
* Expire in 1 ms for 1 (transfer 0x28ae7bf0fe0)
* Expire in 0 ms for 1 (transfer 0x28ae7bf0fe0)
* Expire in 0 ms for 1 (transfer 0x28ae7bf0fe0)
* Expire in 1 ms for 1 (transfer 0x28ae7bf0fe0)
* Expire in 0 ms for 1 (transfer 0x28ae7bf0fe0)
* Expire in 0 ms for 1 (transfer 0x28ae7bf0fe0)
* Expire in 1 ms for 1 (transfer 0x28ae7bf0fe0)
* Expire in 0 ms for 1 (transfer 0x28ae7bf0fe0)
* Expire in 0 ms for 1 (transfer 0x28ae7bf0fe0)
* Expire in 1 ms for 1 (transfer 0x28ae7bf0fe0)
* Expire in 0 ms for 1 (transfer 0x28ae7bf0fe0)
* Expire in 0 ms for 1 (transfer 0x28ae7bf0fe0)
* Expire in 1 ms for 1 (transfer 0x28ae7bf0fe0)
* Expire in 0 ms for 1 (transfer 0x28ae7bf0fe0)
* Expire in 0 ms for 1 (transfer 0x28ae7bf0fe0)
* Expire in 1 ms for 1 (transfer 0x28ae7bf0fe0)
* Expire in 0 ms for 1 (transfer 0x28ae7bf0fe0)
* Expire in 0 ms for 1 (transfer 0x28ae7bf0fe0)
* Expire in 1 ms for 1 (transfer 0x28ae7bf0fe0)
* Expire in 0 ms for 1 (transfer 0x28ae7bf0fe0)
* Expire in 0 ms for 1 (transfer 0x28ae7bf0fe0)
* Expire in 1 ms for 1 (transfer 0x28ae7bf0fe0)
* Expire in 0 ms for 1 (transfer 0x28ae7bf0fe0)
* Expire in 0 ms for 1 (transfer 0x28ae7bf0fe0)
* Expire in 1 ms for 1 (transfer 0x28ae7bf0fe0)
* Expire in 0 ms for 1 (transfer 0x28ae7bf0fe0)
* Expire in 0 ms for 1 (transfer 0x28ae7bf0fe0)
* Expire in 1 ms for 1 (transfer 0x28ae7bf0fe0)
* Expire in 0 ms for 1 (transfer 0x28ae7bf0fe0)
* Expire in 0 ms for 1 (transfer 0x28ae7bf0fe0)
* Expire in 1 ms for 1 (transfer 0x28ae7bf0fe0)
* Expire in 0 ms for 1 (transfer 0x28ae7bf0fe0)
* Expire in 0 ms for 1 (transfer 0x28ae7bf0fe0)
* Expire in 1 ms for 1 (transfer 0x28ae7bf0fe0)
* Expire in 0 ms for 1 (transfer 0x28ae7bf0fe0)
* Expire in 0 ms for 1 (transfer 0x28ae7bf0fe0)
* Expire in 1 ms for 1 (transfer 0x28ae7bf0fe0)
* Expire in 0 ms for 1 (transfer 0x28ae7bf0fe0)
* Expire in 0 ms for 1 (transfer 0x28ae7bf0fe0)
* Expire in 1 ms for 1 (transfer 0x28ae7bf0fe0)
* Expire in 0 ms for 1 (transfer 0x28ae7bf0fe0)
* Expire in 0 ms for 1 (transfer 0x28ae7bf0fe0)
* Expire in 1 ms for 1 (transfer 0x28ae7bf0fe0)
* Expire in 0 ms for 1 (transfer 0x28ae7bf0fe0)
* Expire in 0 ms for 1 (transfer 0x28ae7bf0fe0)
* Expire in 1 ms for 1 (transfer 0x28ae7bf0fe0)
* Expire in 0 ms for 1 (transfer 0x28ae7bf0fe0)
* Expire in 0 ms for 1 (transfer 0x28ae7bf0fe0)
* Expire in 1 ms for 1 (transfer 0x28ae7bf0fe0)
* Expire in 0 ms for 1 (transfer 0x28ae7bf0fe0)
* Expire in 0 ms for 1 (transfer 0x28ae7bf0fe0)
* Expire in 1 ms for 1 (transfer 0x28ae7bf0fe0)
* Expire in 0 ms for 1 (transfer 0x28ae7bf0fe0)
* Expire in 0 ms for 1 (transfer 0x28ae7bf0fe0)
* Expire in 1 ms for 1 (transfer 0x28ae7bf0fe0)
* Expire in 0 ms for 1 (transfer 0x28ae7bf0fe0)
* Expire in 0 ms for 1 (transfer 0x28ae7bf0fe0)
* Expire in 1 ms for 1 (transfer 0x28ae7bf0fe0)
* Expire in 0 ms for 1 (transfer 0x28ae7bf0fe0)
* Expire in 0 ms for 1 (transfer 0x28ae7bf0fe0)
* Expire in 1 ms for 1 (transfer 0x28ae7bf0fe0)
* Expire in 0 ms for 1 (transfer 0x28ae7bf0fe0)
* Expire in 0 ms for 1 (transfer 0x28ae7bf0fe0)
* Expire in 1 ms for 1 (transfer 0x28ae7bf0fe0)
* Expire in 0 ms for 1 (transfer 0x28ae7bf0fe0)
* Expire in 0 ms for 1 (transfer 0x28ae7bf0fe0)
* Expire in 1 ms for 1 (transfer 0x28ae7bf0fe0)
* Expire in 0 ms for 1 (transfer 0x28ae7bf0fe0)
* Expire in 0 ms for 1 (transfer 0x28ae7bf0fe0)
* Expire in 1 ms for 1 (transfer 0x28ae7bf0fe0)
* Expire in 0 ms for 1 (transfer 0x28ae7bf0fe0)
* Expire in 0 ms for 1 (transfer 0x28ae7bf0fe0)
* Expire in 1 ms for 1 (transfer 0x28ae7bf0fe0)
* Expire in 0 ms for 1 (transfer 0x28ae7bf0fe0)
* Expire in 0 ms for 1 (transfer 0x28ae7bf0fe0)
* Expire in 1 ms for 1 (transfer 0x28ae7bf0fe0)
* Expire in 0 ms for 1 (transfer 0x28ae7bf0fe0)
* Expire in 0 ms for 1 (transfer 0x28ae7bf0fe0)
* Expire in 1 ms for 1 (transfer 0x28ae7bf0fe0)
* Expire in 0 ms for 1 (transfer 0x28ae7bf0fe0)
* Expire in 0 ms for 1 (transfer 0x28ae7bf0fe0)
* Expire in 1 ms for 1 (transfer 0x28ae7bf0fe0)
* Expire in 0 ms for 1 (transfer 0x28ae7bf0fe0)
* Expire in 0 ms for 1 (transfer 0x28ae7bf0fe0)
* Expire in 1 ms for 1 (transfer 0x28ae7bf0fe0)
* Expire in 0 ms for 1 (transfer 0x28ae7bf0fe0)
* Expire in 0 ms for 1 (transfer 0x28ae7bf0fe0)
* Expire in 1 ms for 1 (transfer 0x28ae7bf0fe0)
* Expire in 0 ms for 1 (transfer 0x28ae7bf0fe0)
* Expire in 0 ms for 1 (transfer 0x28ae7bf0fe0)
* Expire in 1 ms for 1 (transfer 0x28ae7bf0fe0)
* Expire in 0 ms for 1 (transfer 0x28ae7bf0fe0)
* Expire in 0 ms for 1 (transfer 0x28ae7bf0fe0)
* Expire in 1 ms for 1 (transfer 0x28ae7bf0fe0)
* Expire in 0 ms for 1 (transfer 0x28ae7bf0fe0)
* Expire in 0 ms for 1 (transfer 0x28ae7bf0fe0)
* Expire in 1 ms for 1 (transfer 0x28ae7bf0fe0)
* Expire in 0 ms for 1 (transfer 0x28ae7bf0fe0)
* Expire in 0 ms for 1 (transfer 0x28ae7bf0fe0)
* Expire in 1 ms for 1 (transfer 0x28ae7bf0fe0)
* Expire in 0 ms for 1 (transfer 0x28ae7bf0fe0)
* Expire in 0 ms for 1 (transfer 0x28ae7bf0fe0)
* Expire in 1 ms for 1 (transfer 0x28ae7bf0fe0)
* Expire in 0 ms for 1 (transfer 0x28ae7bf0fe0)
* Expire in 0 ms for 1 (transfer 0x28ae7bf0fe0)
* Expire in 1 ms for 1 (transfer 0x28ae7bf0fe0)
* Expire in 0 ms for 1 (transfer 0x28ae7bf0fe0)
* Expire in 0 ms for 1 (transfer 0x28ae7bf0fe0)
* Expire in 1 ms for 1 (transfer 0x28ae7bf0fe0)
* Expire in 0 ms for 1 (transfer 0x28ae7bf0fe0)
* Expire in 0 ms for 1 (transfer 0x28ae7bf0fe0)
* Expire in 1 ms for 1 (transfer 0x28ae7bf0fe0)
* Expire in 0 ms for 1 (transfer 0x28ae7bf0fe0)
* Expire in 0 ms for 1 (transfer 0x28ae7bf0fe0)
* Expire in 1 ms for 1 (transfer 0x28ae7bf0fe0)
* Expire in 0 ms for 1 (transfer 0x28ae7bf0fe0)
* Expire in 0 ms for 1 (transfer 0x28ae7bf0fe0)
* Expire in 1 ms for 1 (transfer 0x28ae7bf0fe0)
* Expire in 0 ms for 1 (transfer 0x28ae7bf0fe0)
* Expire in 0 ms for 1 (transfer 0x28ae7bf0fe0)
* Expire in 1 ms for 1 (transfer 0x28ae7bf0fe0)
* Expire in 0 ms for 1 (transfer 0x28ae7bf0fe0)
* Expire in 0 ms for 1 (transfer 0x28ae7bf0fe0)
* Expire in 1 ms for 1 (transfer 0x28ae7bf0fe0)
* Expire in 0 ms for 1 (transfer 0x28ae7bf0fe0)
* Expire in 0 ms for 1 (transfer 0x28ae7bf0fe0)
* Expire in 1 ms for 1 (transfer 0x28ae7bf0fe0)
* Expire in 0 ms for 1 (transfer 0x28ae7bf0fe0)
* Expire in 0 ms for 1 (transfer 0x28ae7bf0fe0)
* Expire in 1 ms for 1 (transfer 0x28ae7bf0fe0)
* Expire in 0 ms for 1 (transfer 0x28ae7bf0fe0)
* Expire in 0 ms for 1 (transfer 0x28ae7bf0fe0)
* Expire in 1 ms for 1 (transfer 0x28ae7bf0fe0)
* Expire in 0 ms for 1 (transfer 0x28ae7bf0fe0)
* Expire in 0 ms for 1 (transfer 0x28ae7bf0fe0)
* Expire in 1 ms for 1 (transfer 0x28ae7bf0fe0)
* Expire in 0 ms for 1 (transfer 0x28ae7bf0fe0)
* Expire in 0 ms for 1 (transfer 0x28ae7bf0fe0)
* Expire in 1 ms for 1 (transfer 0x28ae7bf0fe0)
* Expire in 0 ms for 1 (transfer 0x28ae7bf0fe0)
* Expire in 0 ms for 1 (transfer 0x28ae7bf0fe0)
* Expire in 1 ms for 1 (transfer 0x28ae7bf0fe0)
* Expire in 0 ms for 1 (transfer 0x28ae7bf0fe0)
* Expire in 0 ms for 1 (transfer 0x28ae7bf0fe0)
* Expire in 1 ms for 1 (transfer 0x28ae7bf0fe0)
* Expire in 0 ms for 1 (transfer 0x28ae7bf0fe0)
* Expire in 0 ms for 1 (transfer 0x28ae7bf0fe0)
* Expire in 1 ms for 1 (transfer 0x28ae7bf0fe0)
* Expire in 0 ms for 1 (transfer 0x28ae7bf0fe0)
* Expire in 0 ms for 1 (transfer 0x28ae7bf0fe0)
* Expire in 1 ms for 1 (transfer 0x28ae7bf0fe0)
* Expire in 0 ms for 1 (transfer 0x28ae7bf0fe0)
* Expire in 0 ms for 1 (transfer 0x28ae7bf0fe0)
* Expire in 1 ms for 1 (transfer 0x28ae7bf0fe0)
* Expire in 0 ms for 1 (transfer 0x28ae7bf0fe0)
* Expire in 0 ms for 1 (transfer 0x28ae7bf0fe0)
* Expire in 1 ms for 1 (transfer 0x28ae7bf0fe0)
* Expire in 0 ms for 1 (transfer 0x28ae7bf0fe0)
* Expire in 0 ms for 1 (transfer 0x28ae7bf0fe0)
* Expire in 1 ms for 1 (transfer 0x28ae7bf0fe0)
* Expire in 0 ms for 1 (transfer 0x28ae7bf0fe0)
* Expire in 0 ms for 1 (transfer 0x28ae7bf0fe0)
* Expire in 1 ms for 1 (transfer 0x28ae7bf0fe0)
* Expire in 0 ms for 1 (transfer 0x28ae7bf0fe0)
* Expire in 0 ms for 1 (transfer 0x28ae7bf0fe0)
* Expire in 1 ms for 1 (transfer 0x28ae7bf0fe0)
* Expire in 0 ms for 1 (transfer 0x28ae7bf0fe0)
* Expire in 0 ms for 1 (transfer 0x28ae7bf0fe0)
* Expire in 1 ms for 1 (transfer 0x28ae7bf0fe0)
* Expire in 0 ms for 1 (transfer 0x28ae7bf0fe0)
* Expire in 0 ms for 1 (transfer 0x28ae7bf0fe0)
* Expire in 1 ms for 1 (transfer 0x28ae7bf0fe0)
* Expire in 0 ms for 1 (transfer 0x28ae7bf0fe0)
* Expire in 0 ms for 1 (transfer 0x28ae7bf0fe0)
* Expire in 1 ms for 1 (transfer 0x28ae7bf0fe0)
* Expire in 0 ms for 1 (transfer 0x28ae7bf0fe0)
* Expire in 0 ms for 1 (transfer 0x28ae7bf0fe0)
* Expire in 1 ms for 1 (transfer 0x28ae7bf0fe0)
* Expire in 0 ms for 1 (transfer 0x28ae7bf0fe0)
* Expire in 0 ms for 1 (transfer 0x28ae7bf0fe0)
* Expire in 1 ms for 1 (transfer 0x28ae7bf0fe0)
* Expire in 0 ms for 1 (transfer 0x28ae7bf0fe0)
* Expire in 0 ms for 1 (transfer 0x28ae7bf0fe0)
* Expire in 1 ms for 1 (transfer 0x28ae7bf0fe0)
* Expire in 0 ms for 1 (transfer 0x28ae7bf0fe0)
* Expire in 0 ms for 1 (transfer 0x28ae7bf0fe0)
* Expire in 1 ms for 1 (transfer 0x28ae7bf0fe0)
* Expire in 0 ms for 1 (transfer 0x28ae7bf0fe0)
* Expire in 0 ms for 1 (transfer 0x28ae7bf0fe0)
* Expire in 1 ms for 1 (transfer 0x28ae7bf0fe0)
* Expire in 0 ms for 1 (transfer 0x28ae7bf0fe0)
* Expire in 0 ms for 1 (transfer 0x28ae7bf0fe0)
* Expire in 1 ms for 1 (transfer 0x28ae7bf0fe0)
* Expire in 0 ms for 1 (transfer 0x28ae7bf0fe0)
* Expire in 0 ms for 1 (transfer 0x28ae7bf0fe0)
* Expire in 1 ms for 1 (transfer 0x28ae7bf0fe0)
* Expire in 0 ms for 1 (transfer 0x28ae7bf0fe0)
* Expire in 0 ms for 1 (transfer 0x28ae7bf0fe0)
* Expire in 1 ms for 1 (transfer 0x28ae7bf0fe0)
* Expire in 0 ms for 1 (transfer 0x28ae7bf0fe0)
* Expire in 0 ms for 1 (transfer 0x28ae7bf0fe0)
* Expire in 1 ms for 1 (transfer 0x28ae7bf0fe0)
* Expire in 0 ms for 1 (transfer 0x28ae7bf0fe0)
* Expire in 0 ms for 1 (transfer 0x28ae7bf0fe0)
* Expire in 1 ms for 1 (transfer 0x28ae7bf0fe0)
* Expire in 0 ms for 1 (transfer 0x28ae7bf0fe0)
* Expire in 0 ms for 1 (transfer 0x28ae7bf0fe0)
* Expire in 1 ms for 1 (transfer 0x28ae7bf0fe0)
* Expire in 0 ms for 1 (transfer 0x28ae7bf0fe0)
* Expire in 0 ms for 1 (transfer 0x28ae7bf0fe0)
* Expire in 1 ms for 1 (transfer 0x28ae7bf0fe0)
* Expire in 0 ms for 1 (transfer 0x28ae7bf0fe0)
* Expire in 0 ms for 1 (transfer 0x28ae7bf0fe0)
* Expire in 1 ms for 1 (transfer 0x28ae7bf0fe0)
* Expire in 0 ms for 1 (transfer 0x28ae7bf0fe0)
* Expire in 0 ms for 1 (transfer 0x28ae7bf0fe0)
* Expire in 1 ms for 1 (transfer 0x28ae7bf0fe0)
* Expire in 0 ms for 1 (transfer 0x28ae7bf0fe0)
* Expire in 0 ms for 1 (transfer 0x28ae7bf0fe0)
* Expire in 1 ms for 1 (transfer 0x28ae7bf0fe0)
* Expire in 0 ms for 1 (transfer 0x28ae7bf0fe0)
* Expire in 0 ms for 1 (transfer 0x28ae7bf0fe0)
* Expire in 1 ms for 1 (transfer 0x28ae7bf0fe0)
* Expire in 0 ms for 1 (transfer 0x28ae7bf0fe0)
* Expire in 0 ms for 1 (transfer 0x28ae7bf0fe0)
* Expire in 1 ms for 1 (transfer 0x28ae7bf0fe0)
* Expire in 0 ms for 1 (transfer 0x28ae7bf0fe0)
* Expire in 0 ms for 1 (transfer 0x28ae7bf0fe0)
* Expire in 1 ms for 1 (transfer 0x28ae7bf0fe0)
* Expire in 0 ms for 1 (transfer 0x28ae7bf0fe0)
* Expire in 0 ms for 1 (transfer 0x28ae7bf0fe0)
* Expire in 1 ms for 1 (transfer 0x28ae7bf0fe0)
* Expire in 0 ms for 1 (transfer 0x28ae7bf0fe0)
* Expire in 0 ms for 1 (transfer 0x28ae7bf0fe0)
* Expire in 1 ms for 1 (transfer 0x28ae7bf0fe0)
* Expire in 0 ms for 1 (transfer 0x28ae7bf0fe0)
* Expire in 0 ms for 1 (transfer 0x28ae7bf0fe0)
* Expire in 1 ms for 1 (transfer 0x28ae7bf0fe0)
* Expire in 0 ms for 1 (transfer 0x28ae7bf0fe0)
* Expire in 0 ms for 1 (transfer 0x28ae7bf0fe0)
* Expire in 1 ms for 1 (transfer 0x28ae7bf0fe0)
* Expire in 0 ms for 1 (transfer 0x28ae7bf0fe0)
* Expire in 0 ms for 1 (transfer 0x28ae7bf0fe0)
* Expire in 1 ms for 1 (transfer 0x28ae7bf0fe0)
* Expire in 0 ms for 1 (transfer 0x28ae7bf0fe0)
* Expire in 0 ms for 1 (transfer 0x28ae7bf0fe0)
* Expire in 1 ms for 1 (transfer 0x28ae7bf0fe0)
* Expire in 0 ms for 1 (transfer 0x28ae7bf0fe0)
* Expire in 0 ms for 1 (transfer 0x28ae7bf0fe0)
* Expire in 1 ms for 1 (transfer 0x28ae7bf0fe0)
* Expire in 0 ms for 1 (transfer 0x28ae7bf0fe0)
* Expire in 0 ms for 1 (transfer 0x28ae7bf0fe0)
* Expire in 1 ms for 1 (transfer 0x28ae7bf0fe0)
* Expire in 0 ms for 1 (transfer 0x28ae7bf0fe0)
* Expire in 0 ms for 1 (transfer 0x28ae7bf0fe0)
* Expire in 1 ms for 1 (transfer 0x28ae7bf0fe0)
* Expire in 0 ms for 1 (transfer 0x28ae7bf0fe0)
* Expire in 0 ms for 1 (transfer 0x28ae7bf0fe0)
* Expire in 1 ms for 1 (transfer 0x28ae7bf0fe0)
* Expire in 0 ms for 1 (transfer 0x28ae7bf0fe0)
* Expire in 0 ms for 1 (transfer 0x28ae7bf0fe0)
* Expire in 1 ms for 1 (transfer 0x28ae7bf0fe0)
* Expire in 0 ms for 1 (transfer 0x28ae7bf0fe0)
* Expire in 0 ms for 1 (transfer 0x28ae7bf0fe0)
* Expire in 1 ms for 1 (transfer 0x28ae7bf0fe0)
* Expire in 0 ms for 1 (transfer 0x28ae7bf0fe0)
* Expire in 0 ms for 1 (transfer 0x28ae7bf0fe0)
* Expire in 1 ms for 1 (transfer 0x28ae7bf0fe0)
* Expire in 0 ms for 1 (transfer 0x28ae7bf0fe0)
* Expire in 0 ms for 1 (transfer 0x28ae7bf0fe0)
* Expire in 1 ms for 1 (transfer 0x28ae7bf0fe0)
* Expire in 0 ms for 1 (transfer 0x28ae7bf0fe0)
* Expire in 0 ms for 1 (transfer 0x28ae7bf0fe0)
* Expire in 1 ms for 1 (transfer 0x28ae7bf0fe0)
* Expire in 0 ms for 1 (transfer 0x28ae7bf0fe0)
* Expire in 0 ms for 1 (transfer 0x28ae7bf0fe0)
* Expire in 1 ms for 1 (transfer 0x28ae7bf0fe0)
* Expire in 0 ms for 1 (transfer 0x28ae7bf0fe0)
* Expire in 0 ms for 1 (transfer 0x28ae7bf0fe0)
* Expire in 1 ms for 1 (transfer 0x28ae7bf0fe0)
* Expire in 0 ms for 1 (transfer 0x28ae7bf0fe0)
* Expire in 0 ms for 1 (transfer 0x28ae7bf0fe0)
* Expire in 1 ms for 1 (transfer 0x28ae7bf0fe0)
* Expire in 0 ms for 1 (transfer 0x28ae7bf0fe0)
* Expire in 0 ms for 1 (transfer 0x28ae7bf0fe0)
* Expire in 1 ms for 1 (transfer 0x28ae7bf0fe0)
* Expire in 0 ms for 1 (transfer 0x28ae7bf0fe0)
* Expire in 0 ms for 1 (transfer 0x28ae7bf0fe0)
* Expire in 1 ms for 1 (transfer 0x28ae7bf0fe0)
* Expire in 0 ms for 1 (transfer 0x28ae7bf0fe0)
* Expire in 0 ms for 1 (transfer 0x28ae7bf0fe0)
* Expire in 1 ms for 1 (transfer 0x28ae7bf0fe0)
* Expire in 0 ms for 1 (transfer 0x28ae7bf0fe0)
* Expire in 0 ms for 1 (transfer 0x28ae7bf0fe0)
* Expire in 1 ms for 1 (transfer 0x28ae7bf0fe0)
* Expire in 0 ms for 1 (transfer 0x28ae7bf0fe0)
* Expire in 0 ms for 1 (transfer 0x28ae7bf0fe0)
* Expire in 1 ms for 1 (transfer 0x28ae7bf0fe0)
* Expire in 0 ms for 1 (transfer 0x28ae7bf0fe0)
* Expire in 0 ms for 1 (transfer 0x28ae7bf0fe0)
* Expire in 1 ms for 1 (transfer 0x28ae7bf0fe0)
* Expire in 0 ms for 1 (transfer 0x28ae7bf0fe0)
* Expire in 0 ms for 1 (transfer 0x28ae7bf0fe0)
* Expire in 1 ms for 1 (transfer 0x28ae7bf0fe0)
* Expire in 0 ms for 1 (transfer 0x28ae7bf0fe0)
* Expire in 0 ms for 1 (transfer 0x28ae7bf0fe0)
* Expire in 1 ms for 1 (transfer 0x28ae7bf0fe0)
* Expire in 0 ms for 1 (transfer 0x28ae7bf0fe0)
* Expire in 0 ms for 1 (transfer 0x28ae7bf0fe0)
* Expire in 1 ms for 1 (transfer 0x28ae7bf0fe0)
* Expire in 0 ms for 1 (transfer 0x28ae7bf0fe0)
* Expire in 0 ms for 1 (transfer 0x28ae7bf0fe0)
* Expire in 1 ms for 1 (transfer 0x28ae7bf0fe0)
* Expire in 0 ms for 1 (transfer 0x28ae7bf0fe0)
* Expire in 0 ms for 1 (transfer 0x28ae7bf0fe0)
* Expire in 1 ms for 1 (transfer 0x28ae7bf0fe0)
* Expire in 0 ms for 1 (transfer 0x28ae7bf0fe0)
* Expire in 0 ms for 1 (transfer 0x28ae7bf0fe0)
* Expire in 1 ms for 1 (transfer 0x28ae7bf0fe0)
* Expire in 0 ms for 1 (transfer 0x28ae7bf0fe0)
* Expire in 0 ms for 1 (transfer 0x28ae7bf0fe0)
* Expire in 1 ms for 1 (transfer 0x28ae7bf0fe0)
* Expire in 0 ms for 1 (transfer 0x28ae7bf0fe0)
* Expire in 0 ms for 1 (transfer 0x28ae7bf0fe0)
* Expire in 1 ms for 1 (transfer 0x28ae7bf0fe0)
* Expire in 0 ms for 1 (transfer 0x28ae7bf0fe0)
* Expire in 0 ms for 1 (transfer 0x28ae7bf0fe0)
* Expire in 1 ms for 1 (transfer 0x28ae7bf0fe0)
* Expire in 0 ms for 1 (transfer 0x28ae7bf0fe0)
* Expire in 0 ms for 1 (transfer 0x28ae7bf0fe0)
* Expire in 1 ms for 1 (transfer 0x28ae7bf0fe0)
* Expire in 0 ms for 1 (transfer 0x28ae7bf0fe0)
* Expire in 0 ms for 1 (transfer 0x28ae7bf0fe0)
* Expire in 1 ms for 1 (transfer 0x28ae7bf0fe0)
* Expire in 0 ms for 1 (transfer 0x28ae7bf0fe0)
* Expire in 0 ms for 1 (transfer 0x28ae7bf0fe0)
* Expire in 1 ms for 1 (transfer 0x28ae7bf0fe0)
* Expire in 0 ms for 1 (transfer 0x28ae7bf0fe0)
* Expire in 0 ms for 1 (transfer 0x28ae7bf0fe0)
* Expire in 1 ms for 1 (transfer 0x28ae7bf0fe0)
* Expire in 0 ms for 1 (transfer 0x28ae7bf0fe0)
* Expire in 0 ms for 1 (transfer 0x28ae7bf0fe0)
* Expire in 1 ms for 1 (transfer 0x28ae7bf0fe0)
* Expire in 0 ms for 1 (transfer 0x28ae7bf0fe0)
* Expire in 0 ms for 1 (transfer 0x28ae7bf0fe0)
* Expire in 1 ms for 1 (transfer 0x28ae7bf0fe0)
* Expire in 0 ms for 1 (transfer 0x28ae7bf0fe0)
* Expire in 0 ms for 1 (transfer 0x28ae7bf0fe0)
* Expire in 1 ms for 1 (transfer 0x28ae7bf0fe0)
* Expire in 0 ms for 1 (transfer 0x28ae7bf0fe0)
* Expire in 0 ms for 1 (transfer 0x28ae7bf0fe0)
* Expire in 1 ms for 1 (transfer 0x28ae7bf0fe0)
* Expire in 0 ms for 1 (transfer 0x28ae7bf0fe0)
* Expire in 0 ms for 1 (transfer 0x28ae7bf0fe0)
* Expire in 1 ms for 1 (transfer 0x28ae7bf0fe0)
* Expire in 0 ms for 1 (transfer 0x28ae7bf0fe0)
* Expire in 0 ms for 1 (transfer 0x28ae7bf0fe0)
* Expire in 1 ms for 1 (transfer 0x28ae7bf0fe0)
* Expire in 0 ms for 1 (transfer 0x28ae7bf0fe0)
* Expire in 0 ms for 1 (transfer 0x28ae7bf0fe0)
* Expire in 1 ms for 1 (transfer 0x28ae7bf0fe0)
* Expire in 0 ms for 1 (transfer 0x28ae7bf0fe0)
* Expire in 0 ms for 1 (transfer 0x28ae7bf0fe0)
* Expire in 1 ms for 1 (transfer 0x28ae7bf0fe0)
* Expire in 0 ms for 1 (transfer 0x28ae7bf0fe0)
* Expire in 0 ms for 1 (transfer 0x28ae7bf0fe0)
* Expire in 1 ms for 1 (transfer 0x28ae7bf0fe0)
* Expire in 0 ms for 1 (transfer 0x28ae7bf0fe0)
* Expire in 0 ms for 1 (transfer 0x28ae7bf0fe0)
* Expire in 1 ms for 1 (transfer 0x28ae7bf0fe0)
* Expire in 0 ms for 1 (transfer 0x28ae7bf0fe0)
* Expire in 0 ms for 1 (transfer 0x28ae7bf0fe0)
* Expire in 1 ms for 1 (transfer 0x28ae7bf0fe0)
* Expire in 0 ms for 1 (transfer 0x28ae7bf0fe0)
* Expire in 0 ms for 1 (transfer 0x28ae7bf0fe0)
* Expire in 1 ms for 1 (transfer 0x28ae7bf0fe0)
* Expire in 0 ms for 1 (transfer 0x28ae7bf0fe0)
* Expire in 0 ms for 1 (transfer 0x28ae7bf0fe0)
* Expire in 1 ms for 1 (transfer 0x28ae7bf0fe0)
* Expire in 0 ms for 1 (transfer 0x28ae7bf0fe0)
* Expire in 0 ms for 1 (transfer 0x28ae7bf0fe0)
* Expire in 1 ms for 1 (transfer 0x28ae7bf0fe0)
* Expire in 0 ms for 1 (transfer 0x28ae7bf0fe0)
* Expire in 0 ms for 1 (transfer 0x28ae7bf0fe0)
* Expire in 1 ms for 1 (transfer 0x28ae7bf0fe0)
* Expire in 0 ms for 1 (transfer 0x28ae7bf0fe0)
* Expire in 0 ms for 1 (transfer 0x28ae7bf0fe0)
* Expire in 1 ms for 1 (transfer 0x28ae7bf0fe0)
* Expire in 0 ms for 1 (transfer 0x28ae7bf0fe0)
* Expire in 0 ms for 1 (transfer 0x28ae7bf0fe0)
* Expire in 1 ms for 1 (transfer 0x28ae7bf0fe0)
* Expire in 0 ms for 1 (transfer 0x28ae7bf0fe0)
* Expire in 0 ms for 1 (transfer 0x28ae7bf0fe0)
* Expire in 1 ms for 1 (transfer 0x28ae7bf0fe0)
* Expire in 0 ms for 1 (transfer 0x28ae7bf0fe0)
* Expire in 0 ms for 1 (transfer 0x28ae7bf0fe0)
* Expire in 1 ms for 1 (transfer 0x28ae7bf0fe0)
* Expire in 0 ms for 1 (transfer 0x28ae7bf0fe0)
* Expire in 0 ms for 1 (transfer 0x28ae7bf0fe0)
* Expire in 1 ms for 1 (transfer 0x28ae7bf0fe0)
* Expire in 0 ms for 1 (transfer 0x28ae7bf0fe0)
* Expire in 0 ms for 1 (transfer 0x28ae7bf0fe0)
* Expire in 1 ms for 1 (transfer 0x28ae7bf0fe0)
* Expire in 0 ms for 1 (transfer 0x28ae7bf0fe0)
* Expire in 0 ms for 1 (transfer 0x28ae7bf0fe0)
* Expire in 1 ms for 1 (transfer 0x28ae7bf0fe0)
* Expire in 0 ms for 1 (transfer 0x28ae7bf0fe0)
* Expire in 0 ms for 1 (transfer 0x28ae7bf0fe0)
* Expire in 2 ms for 1 (transfer 0x28ae7bf0fe0)
* Expire in 0 ms for 1 (transfer 0x28ae7bf0fe0)
* Expire in 0 ms for 1 (transfer 0x28ae7bf0fe0)
* Expire in 2 ms for 1 (transfer 0x28ae7bf0fe0)
* Expire in 0 ms for 1 (transfer 0x28ae7bf0fe0)
* Expire in 0 ms for 1 (transfer 0x28ae7bf0fe0)
* Expire in 2 ms for 1 (transfer 0x28ae7bf0fe0)
* Expire in 0 ms for 1 (transfer 0x28ae7bf0fe0)
* Expire in 0 ms for 1 (transfer 0x28ae7bf0fe0)
* Expire in 2 ms for 1 (transfer 0x28ae7bf0fe0)
* Expire in 0 ms for 1 (transfer 0x28ae7bf0fe0)
* Expire in 0 ms for 1 (transfer 0x28ae7bf0fe0)
* Expire in 2 ms for 1 (transfer 0x28ae7bf0fe0)
* Expire in 0 ms for 1 (transfer 0x28ae7bf0fe0)
* Expire in 0 ms for 1 (transfer 0x28ae7bf0fe0)
* Expire in 2 ms for 1 (transfer 0x28ae7bf0fe0)
* Expire in 0 ms for 1 (transfer 0x28ae7bf0fe0)
* Expire in 0 ms for 1 (transfer 0x28ae7bf0fe0)
* Expire in 2 ms for 1 (transfer 0x28ae7bf0fe0)
* Expire in 0 ms for 1 (transfer 0x28ae7bf0fe0)
* Expire in 0 ms for 1 (transfer 0x28ae7bf0fe0)
* Expire in 2 ms for 1 (transfer 0x28ae7bf0fe0)
* Expire in 0 ms for 1 (transfer 0x28ae7bf0fe0)
* Expire in 0 ms for 1 (transfer 0x28ae7bf0fe0)
* Expire in 2 ms for 1 (transfer 0x28ae7bf0fe0)
* Expire in 0 ms for 1 (transfer 0x28ae7bf0fe0)
* Expire in 0 ms for 1 (transfer 0x28ae7bf0fe0)
* Expire in 2 ms for 1 (transfer 0x28ae7bf0fe0)
* Expire in 0 ms for 1 (transfer 0x28ae7bf0fe0)
* Expire in 0 ms for 1 (transfer 0x28ae7bf0fe0)
* Expire in 2 ms for 1 (transfer 0x28ae7bf0fe0)
* Expire in 0 ms for 1 (transfer 0x28ae7bf0fe0)
* Expire in 0 ms for 1 (transfer 0x28ae7bf0fe0)
* Expire in 2 ms for 1 (transfer 0x28ae7bf0fe0)
* Expire in 0 ms for 1 (transfer 0x28ae7bf0fe0)
* Expire in 0 ms for 1 (transfer 0x28ae7bf0fe0)
* Expire in 2 ms for 1 (transfer 0x28ae7bf0fe0)
* Expire in 0 ms for 1 (transfer 0x28ae7bf0fe0)
* Expire in 0 ms for 1 (transfer 0x28ae7bf0fe0)
* Expire in 2 ms for 1 (transfer 0x28ae7bf0fe0)
* Expire in 0 ms for 1 (transfer 0x28ae7bf0fe0)
* Expire in 0 ms for 1 (transfer 0x28ae7bf0fe0)
* Expire in 2 ms for 1 (transfer 0x28ae7bf0fe0)
* Expire in 0 ms for 1 (transfer 0x28ae7bf0fe0)
* Expire in 0 ms for 1 (transfer 0x28ae7bf0fe0)
* Expire in 2 ms for 1 (transfer 0x28ae7bf0fe0)
* Expire in 0 ms for 1 (transfer 0x28ae7bf0fe0)
* Expire in 0 ms for 1 (transfer 0x28ae7bf0fe0)
* Expire in 2 ms for 1 (transfer 0x28ae7bf0fe0)
* Expire in 0 ms for 1 (transfer 0x28ae7bf0fe0)
* Expire in 0 ms for 1 (transfer 0x28ae7bf0fe0)
* Expire in 2 ms for 1 (transfer 0x28ae7bf0fe0)
* Expire in 0 ms for 1 (transfer 0x28ae7bf0fe0)
* Expire in 0 ms for 1 (transfer 0x28ae7bf0fe0)
* Expire in 2 ms for 1 (transfer 0x28ae7bf0fe0)
* Expire in 0 ms for 1 (transfer 0x28ae7bf0fe0)
* Expire in 0 ms for 1 (transfer 0x28ae7bf0fe0)
* Expire in 2 ms for 1 (transfer 0x28ae7bf0fe0)
* Expire in 0 ms for 1 (transfer 0x28ae7bf0fe0)
* Expire in 0 ms for 1 (transfer 0x28ae7bf0fe0)
* Expire in 2 ms for 1 (transfer 0x28ae7bf0fe0)
* Expire in 0 ms for 1 (transfer 0x28ae7bf0fe0)
* Expire in 0 ms for 1 (transfer 0x28ae7bf0fe0)
* Expire in 2 ms for 1 (transfer 0x28ae7bf0fe0)
* Expire in 0 ms for 1 (transfer 0x28ae7bf0fe0)
* Expire in 0 ms for 1 (transfer 0x28ae7bf0fe0)
* Expire in 2 ms for 1 (transfer 0x28ae7bf0fe0)
* Expire in 0 ms for 1 (transfer 0x28ae7bf0fe0)
* Expire in 0 ms for 1 (transfer 0x28ae7bf0fe0)
* Expire in 2 ms for 1 (transfer 0x28ae7bf0fe0)
* Expire in 0 ms for 1 (transfer 0x28ae7bf0fe0)
* Expire in 0 ms for 1 (transfer 0x28ae7bf0fe0)
* Expire in 2 ms for 1 (transfer 0x28ae7bf0fe0)
* Expire in 0 ms for 1 (transfer 0x28ae7bf0fe0)
* Expire in 0 ms for 1 (transfer 0x28ae7bf0fe0)
* Expire in 2 ms for 1 (transfer 0x28ae7bf0fe0)
* Expire in 0 ms for 1 (transfer 0x28ae7bf0fe0)
* Expire in 0 ms for 1 (transfer 0x28ae7bf0fe0)
* Expire in 2 ms for 1 (transfer 0x28ae7bf0fe0)
* Expire in 0 ms for 1 (transfer 0x28ae7bf0fe0)
* Expire in 0 ms for 1 (transfer 0x28ae7bf0fe0)
* Expire in 2 ms for 1 (transfer 0x28ae7bf0fe0)
* Expire in 0 ms for 1 (transfer 0x28ae7bf0fe0)
* Expire in 0 ms for 1 (transfer 0x28ae7bf0fe0)
* Expire in 2 ms for 1 (transfer 0x28ae7bf0fe0)
* Expire in 0 ms for 1 (transfer 0x28ae7bf0fe0)
* Expire in 0 ms for 1 (transfer 0x28ae7bf0fe0)
* Expire in 2 ms for 1 (transfer 0x28ae7bf0fe0)
* Expire in 0 ms for 1 (transfer 0x28ae7bf0fe0)
* Expire in 0 ms for 1 (transfer 0x28ae7bf0fe0)
* Expire in 2 ms for 1 (transfer 0x28ae7bf0fe0)
* Expire in 0 ms for 1 (transfer 0x28ae7bf0fe0)
* Expire in 0 ms for 1 (transfer 0x28ae7bf0fe0)
* Expire in 2 ms for 1 (transfer 0x28ae7bf0fe0)
* Expire in 0 ms for 1 (transfer 0x28ae7bf0fe0)
* Expire in 0 ms for 1 (transfer 0x28ae7bf0fe0)
* Expire in 2 ms for 1 (transfer 0x28ae7bf0fe0)
* Expire in 0 ms for 1 (transfer 0x28ae7bf0fe0)
* Expire in 0 ms for 1 (transfer 0x28ae7bf0fe0)
* Expire in 2 ms for 1 (transfer 0x28ae7bf0fe0)
* Expire in 0 ms for 1 (transfer 0x28ae7bf0fe0)
* Expire in 0 ms for 1 (transfer 0x28ae7bf0fe0)
* Expire in 2 ms for 1 (transfer 0x28ae7bf0fe0)
* Expire in 0 ms for 1 (transfer 0x28ae7bf0fe0)
* Expire in 0 ms for 1 (transfer 0x28ae7bf0fe0)
* Expire in 2 ms for 1 (transfer 0x28ae7bf0fe0)
* Expire in 0 ms for 1 (transfer 0x28ae7bf0fe0)
* Expire in 0 ms for 1 (transfer 0x28ae7bf0fe0)
* Expire in 2 ms for 1 (transfer 0x28ae7bf0fe0)
* Expire in 0 ms for 1 (transfer 0x28ae7bf0fe0)
* Expire in 0 ms for 1 (transfer 0x28ae7bf0fe0)
* Expire in 2 ms for 1 (transfer 0x28ae7bf0fe0)
* Expire in 0 ms for 1 (transfer 0x28ae7bf0fe0)
* Expire in 0 ms for 1 (transfer 0x28ae7bf0fe0)
* Expire in 2 ms for 1 (transfer 0x28ae7bf0fe0)
* Expire in 0 ms for 1 (transfer 0x28ae7bf0fe0)
* Expire in 0 ms for 1 (transfer 0x28ae7bf0fe0)
* Expire in 2 ms for 1 (transfer 0x28ae7bf0fe0)
* Expire in 0 ms for 1 (transfer 0x28ae7bf0fe0)
* Expire in 0 ms for 1 (transfer 0x28ae7bf0fe0)
* Expire in 2 ms for 1 (transfer 0x28ae7bf0fe0)
* Expire in 0 ms for 1 (transfer 0x28ae7bf0fe0)
* Expire in 0 ms for 1 (transfer 0x28ae7bf0fe0)
* Expire in 2 ms for 1 (transfer 0x28ae7bf0fe0)
* Expire in 0 ms for 1 (transfer 0x28ae7bf0fe0)
* Expire in 0 ms for 1 (transfer 0x28ae7bf0fe0)
* Expire in 2 ms for 1 (transfer 0x28ae7bf0fe0)
* Expire in 0 ms for 1 (transfer 0x28ae7bf0fe0)
* Expire in 0 ms for 1 (transfer 0x28ae7bf0fe0)
* Expire in 2 ms for 1 (transfer 0x28ae7bf0fe0)
* Expire in 0 ms for 1 (transfer 0x28ae7bf0fe0)
* Expire in 0 ms for 1 (transfer 0x28ae7bf0fe0)
* Expire in 2 ms for 1 (transfer 0x28ae7bf0fe0)
* Expire in 0 ms for 1 (transfer 0x28ae7bf0fe0)
* Expire in 0 ms for 1 (transfer 0x28ae7bf0fe0)
* Expire in 2 ms for 1 (transfer 0x28ae7bf0fe0)
* Expire in 0 ms for 1 (transfer 0x28ae7bf0fe0)
* Expire in 0 ms for 1 (transfer 0x28ae7bf0fe0)
* Expire in 2 ms for 1 (transfer 0x28ae7bf0fe0)
* Expire in 0 ms for 1 (transfer 0x28ae7bf0fe0)
* Expire in 0 ms for 1 (transfer 0x28ae7bf0fe0)
* Expire in 2 ms for 1 (transfer 0x28ae7bf0fe0)
* Expire in 0 ms for 1 (transfer 0x28ae7bf0fe0)
* Expire in 0 ms for 1 (transfer 0x28ae7bf0fe0)
* Expire in 2 ms for 1 (transfer 0x28ae7bf0fe0)
* Expire in 0 ms for 1 (transfer 0x28ae7bf0fe0)
* Expire in 0 ms for 1 (transfer 0x28ae7bf0fe0)
* Expire in 2 ms for 1 (transfer 0x28ae7bf0fe0)
* Expire in 0 ms for 1 (transfer 0x28ae7bf0fe0)
* Expire in 0 ms for 1 (transfer 0x28ae7bf0fe0)
* Expire in 2 ms for 1 (transfer 0x28ae7bf0fe0)
* Expire in 0 ms for 1 (transfer 0x28ae7bf0fe0)
* Expire in 0 ms for 1 (transfer 0x28ae7bf0fe0)
* Expire in 2 ms for 1 (transfer 0x28ae7bf0fe0)
* Expire in 0 ms for 1 (transfer 0x28ae7bf0fe0)
* Expire in 0 ms for 1 (transfer 0x28ae7bf0fe0)
* Expire in 2 ms for 1 (transfer 0x28ae7bf0fe0)
* Expire in 0 ms for 1 (transfer 0x28ae7bf0fe0)
* Expire in 0 ms for 1 (transfer 0x28ae7bf0fe0)
* Expire in 2 ms for 1 (transfer 0x28ae7bf0fe0)
* Expire in 0 ms for 1 (transfer 0x28ae7bf0fe0)
* Expire in 0 ms for 1 (transfer 0x28ae7bf0fe0)
* Expire in 2 ms for 1 (transfer 0x28ae7bf0fe0)
* Expire in 0 ms for 1 (transfer 0x28ae7bf0fe0)
* Expire in 0 ms for 1 (transfer 0x28ae7bf0fe0)
* Expire in 2 ms for 1 (transfer 0x28ae7bf0fe0)
* Expire in 0 ms for 1 (transfer 0x28ae7bf0fe0)
* Expire in 0 ms for 1 (transfer 0x28ae7bf0fe0)
* Expire in 2 ms for 1 (transfer 0x28ae7bf0fe0)
* Expire in 0 ms for 1 (transfer 0x28ae7bf0fe0)
* Expire in 0 ms for 1 (transfer 0x28ae7bf0fe0)
* Expire in 2 ms for 1 (transfer 0x28ae7bf0fe0)
* Expire in 0 ms for 1 (transfer 0x28ae7bf0fe0)
* Expire in 0 ms for 1 (transfer 0x28ae7bf0fe0)
* Expire in 2 ms for 1 (transfer 0x28ae7bf0fe0)
* Expire in 0 ms for 1 (transfer 0x28ae7bf0fe0)
* Expire in 0 ms for 1 (transfer 0x28ae7bf0fe0)
* Expire in 2 ms for 1 (transfer 0x28ae7bf0fe0)
* Expire in 0 ms for 1 (transfer 0x28ae7bf0fe0)
* Expire in 0 ms for 1 (transfer 0x28ae7bf0fe0)
* Expire in 2 ms for 1 (transfer 0x28ae7bf0fe0)
* Expire in 0 ms for 1 (transfer 0x28ae7bf0fe0)
* Expire in 0 ms for 1 (transfer 0x28ae7bf0fe0)
* Expire in 2 ms for 1 (transfer 0x28ae7bf0fe0)
* Expire in 0 ms for 1 (transfer 0x28ae7bf0fe0)
* Expire in 0 ms for 1 (transfer 0x28ae7bf0fe0)
* Expire in 2 ms for 1 (transfer 0x28ae7bf0fe0)
* Expire in 0 ms for 1 (transfer 0x28ae7bf0fe0)
* Expire in 0 ms for 1 (transfer 0x28ae7bf0fe0)
* Expire in 2 ms for 1 (transfer 0x28ae7bf0fe0)
* Expire in 0 ms for 1 (transfer 0x28ae7bf0fe0)
* Expire in 0 ms for 1 (transfer 0x28ae7bf0fe0)
* Expire in 2 ms for 1 (transfer 0x28ae7bf0fe0)
* Expire in 0 ms for 1 (transfer 0x28ae7bf0fe0)
* Expire in 0 ms for 1 (transfer 0x28ae7bf0fe0)
* Expire in 2 ms for 1 (transfer 0x28ae7bf0fe0)
* Expire in 0 ms for 1 (transfer 0x28ae7bf0fe0)
* Expire in 0 ms for 1 (transfer 0x28ae7bf0fe0)
* Expire in 2 ms for 1 (transfer 0x28ae7bf0fe0)
* Expire in 0 ms for 1 (transfer 0x28ae7bf0fe0)
* Expire in 0 ms for 1 (transfer 0x28ae7bf0fe0)
* Expire in 2 ms for 1 (transfer 0x28ae7bf0fe0)
* Expire in 0 ms for 1 (transfer 0x28ae7bf0fe0)
* Expire in 0 ms for 1 (transfer 0x28ae7bf0fe0)
* Expire in 2 ms for 1 (transfer 0x28ae7bf0fe0)
* Expire in 0 ms for 1 (transfer 0x28ae7bf0fe0)
* Expire in 0 ms for 1 (transfer 0x28ae7bf0fe0)
* Expire in 2 ms for 1 (transfer 0x28ae7bf0fe0)
* Expire in 0 ms for 1 (transfer 0x28ae7bf0fe0)
* Expire in 0 ms for 1 (transfer 0x28ae7bf0fe0)
* Expire in 2 ms for 1 (transfer 0x28ae7bf0fe0)
* Expire in 0 ms for 1 (transfer 0x28ae7bf0fe0)
* Expire in 0 ms for 1 (transfer 0x28ae7bf0fe0)
* Expire in 2 ms for 1 (transfer 0x28ae7bf0fe0)
* Expire in 0 ms for 1 (transfer 0x28ae7bf0fe0)
* Expire in 0 ms for 1 (transfer 0x28ae7bf0fe0)
* Expire in 2 ms for 1 (transfer 0x28ae7bf0fe0)
* Expire in 0 ms for 1 (transfer 0x28ae7bf0fe0)
* Expire in 0 ms for 1 (transfer 0x28ae7bf0fe0)
* Expire in 2 ms for 1 (transfer 0x28ae7bf0fe0)
* Expire in 0 ms for 1 (transfer 0x28ae7bf0fe0)
* Expire in 0 ms for 1 (transfer 0x28ae7bf0fe0)
* Expire in 2 ms for 1 (transfer 0x28ae7bf0fe0)
* Expire in 0 ms for 1 (transfer 0x28ae7bf0fe0)
* Expire in 0 ms for 1 (transfer 0x28ae7bf0fe0)
* Expire in 2 ms for 1 (transfer 0x28ae7bf0fe0)
* Expire in 0 ms for 1 (transfer 0x28ae7bf0fe0)
* Expire in 0 ms for 1 (transfer 0x28ae7bf0fe0)
* Expire in 2 ms for 1 (transfer 0x28ae7bf0fe0)
* Expire in 0 ms for 1 (transfer 0x28ae7bf0fe0)
* Expire in 0 ms for 1 (transfer 0x28ae7bf0fe0)
* Expire in 2 ms for 1 (transfer 0x28ae7bf0fe0)
* Expire in 0 ms for 1 (transfer 0x28ae7bf0fe0)
* Expire in 0 ms for 1 (transfer 0x28ae7bf0fe0)
* Expire in 2 ms for 1 (transfer 0x28ae7bf0fe0)
* Expire in 0 ms for 1 (transfer 0x28ae7bf0fe0)
* Expire in 0 ms for 1 (transfer 0x28ae7bf0fe0)
* Expire in 2 ms for 1 (transfer 0x28ae7bf0fe0)
* Expire in 0 ms for 1 (transfer 0x28ae7bf0fe0)
* Expire in 0 ms for 1 (transfer 0x28ae7bf0fe0)
* Expire in 2 ms for 1 (transfer 0x28ae7bf0fe0)
* Expire in 0 ms for 1 (transfer 0x28ae7bf0fe0)
* Expire in 0 ms for 1 (transfer 0x28ae7bf0fe0)
* Expire in 2 ms for 1 (transfer 0x28ae7bf0fe0)
* Expire in 0 ms for 1 (transfer 0x28ae7bf0fe0)
* Expire in 0 ms for 1 (transfer 0x28ae7bf0fe0)
* Expire in 2 ms for 1 (transfer 0x28ae7bf0fe0)
* Expire in 0 ms for 1 (transfer 0x28ae7bf0fe0)
* Expire in 0 ms for 1 (transfer 0x28ae7bf0fe0)
* Expire in 2 ms for 1 (transfer 0x28ae7bf0fe0)
* Expire in 0 ms for 1 (transfer 0x28ae7bf0fe0)
* Expire in 0 ms for 1 (transfer 0x28ae7bf0fe0)
* Expire in 2 ms for 1 (transfer 0x28ae7bf0fe0)
* Expire in 0 ms for 1 (transfer 0x28ae7bf0fe0)
* Expire in 0 ms for 1 (transfer 0x28ae7bf0fe0)
* Expire in 2 ms for 1 (transfer 0x28ae7bf0fe0)
* Expire in 0 ms for 1 (transfer 0x28ae7bf0fe0)
* Expire in 0 ms for 1 (transfer 0x28ae7bf0fe0)
* Expire in 2 ms for 1 (transfer 0x28ae7bf0fe0)
* Expire in 0 ms for 1 (transfer 0x28ae7bf0fe0)
* Expire in 0 ms for 1 (transfer 0x28ae7bf0fe0)
* Expire in 2 ms for 1 (transfer 0x28ae7bf0fe0)
* Expire in 0 ms for 1 (transfer 0x28ae7bf0fe0)
* Expire in 0 ms for 1 (transfer 0x28ae7bf0fe0)
* Expire in 2 ms for 1 (transfer 0x28ae7bf0fe0)
* Expire in 0 ms for 1 (transfer 0x28ae7bf0fe0)
* Expire in 0 ms for 1 (transfer 0x28ae7bf0fe0)
* Expire in 2 ms for 1 (transfer 0x28ae7bf0fe0)
* Expire in 0 ms for 1 (transfer 0x28ae7bf0fe0)
* Expire in 0 ms for 1 (transfer 0x28ae7bf0fe0)
* Expire in 2 ms for 1 (transfer 0x28ae7bf0fe0)
* Expire in 0 ms for 1 (transfer 0x28ae7bf0fe0)
* Expire in 0 ms for 1 (transfer 0x28ae7bf0fe0)
* Expire in 2 ms for 1 (transfer 0x28ae7bf0fe0)
* Expire in 0 ms for 1 (transfer 0x28ae7bf0fe0)
* Expire in 0 ms for 1 (transfer 0x28ae7bf0fe0)
* Expire in 2 ms for 1 (transfer 0x28ae7bf0fe0)
* Expire in 0 ms for 1 (transfer 0x28ae7bf0fe0)
* Expire in 0 ms for 1 (transfer 0x28ae7bf0fe0)
* Expire in 2 ms for 1 (transfer 0x28ae7bf0fe0)
* Expire in 0 ms for 1 (transfer 0x28ae7bf0fe0)
* Expire in 0 ms for 1 (transfer 0x28ae7bf0fe0)
* Expire in 2 ms for 1 (transfer 0x28ae7bf0fe0)
* Expire in 0 ms for 1 (transfer 0x28ae7bf0fe0)
* Expire in 0 ms for 1 (transfer 0x28ae7bf0fe0)
* Expire in 2 ms for 1 (transfer 0x28ae7bf0fe0)
* Expire in 0 ms for 1 (transfer 0x28ae7bf0fe0)
* Expire in 0 ms for 1 (transfer 0x28ae7bf0fe0)
* Expire in 2 ms for 1 (transfer 0x28ae7bf0fe0)
* Expire in 0 ms for 1 (transfer 0x28ae7bf0fe0)
* Expire in 0 ms for 1 (transfer 0x28ae7bf0fe0)
* Expire in 2 ms for 1 (transfer 0x28ae7bf0fe0)
* Expire in 0 ms for 1 (transfer 0x28ae7bf0fe0)
* Expire in 0 ms for 1 (transfer 0x28ae7bf0fe0)
* Expire in 2 ms for 1 (transfer 0x28ae7bf0fe0)
* Expire in 0 ms for 1 (transfer 0x28ae7bf0fe0)
* Expire in 0 ms for 1 (transfer 0x28ae7bf0fe0)
* Expire in 2 ms for 1 (transfer 0x28ae7bf0fe0)
* Expire in 0 ms for 1 (transfer 0x28ae7bf0fe0)
* Expire in 0 ms for 1 (transfer 0x28ae7bf0fe0)
* Expire in 2 ms for 1 (transfer 0x28ae7bf0fe0)
* Expire in 0 ms for 1 (transfer 0x28ae7bf0fe0)
* Expire in 0 ms for 1 (transfer 0x28ae7bf0fe0)
* Expire in 2 ms for 1 (transfer 0x28ae7bf0fe0)
* Expire in 0 ms for 1 (transfer 0x28ae7bf0fe0)
* Expire in 0 ms for 1 (transfer 0x28ae7bf0fe0)
* Expire in 2 ms for 1 (transfer 0x28ae7bf0fe0)
* Expire in 0 ms for 1 (transfer 0x28ae7bf0fe0)
* Expire in 0 ms for 1 (transfer 0x28ae7bf0fe0)
* Expire in 2 ms for 1 (transfer 0x28ae7bf0fe0)
* Expire in 0 ms for 1 (transfer 0x28ae7bf0fe0)
* Expire in 0 ms for 1 (transfer 0x28ae7bf0fe0)
* Expire in 2 ms for 1 (transfer 0x28ae7bf0fe0)
* Expire in 0 ms for 1 (transfer 0x28ae7bf0fe0)
* Expire in 0 ms for 1 (transfer 0x28ae7bf0fe0)
* Expire in 2 ms for 1 (transfer 0x28ae7bf0fe0)
* Expire in 0 ms for 1 (transfer 0x28ae7bf0fe0)
* Expire in 0 ms for 1 (transfer 0x28ae7bf0fe0)
* Expire in 2 ms for 1 (transfer 0x28ae7bf0fe0)
* Expire in 0 ms for 1 (transfer 0x28ae7bf0fe0)
* Expire in 0 ms for 1 (transfer 0x28ae7bf0fe0)
* Expire in 2 ms for 1 (transfer 0x28ae7bf0fe0)
* Expire in 0 ms for 1 (transfer 0x28ae7bf0fe0)
* Expire in 0 ms for 1 (transfer 0x28ae7bf0fe0)
* Expire in 2 ms for 1 (transfer 0x28ae7bf0fe0)
* Expire in 0 ms for 1 (transfer 0x28ae7bf0fe0)
* Expire in 0 ms for 1 (transfer 0x28ae7bf0fe0)
* Expire in 2 ms for 1 (transfer 0x28ae7bf0fe0)
* Expire in 0 ms for 1 (transfer 0x28ae7bf0fe0)
* Expire in 0 ms for 1 (transfer 0x28ae7bf0fe0)
* Expire in 2 ms for 1 (transfer 0x28ae7bf0fe0)
* Expire in 0 ms for 1 (transfer 0x28ae7bf0fe0)
* Expire in 0 ms for 1 (transfer 0x28ae7bf0fe0)
* Expire in 2 ms for 1 (transfer 0x28ae7bf0fe0)
* Expire in 0 ms for 1 (transfer 0x28ae7bf0fe0)
* Expire in 0 ms for 1 (transfer 0x28ae7bf0fe0)
* Expire in 2 ms for 1 (transfer 0x28ae7bf0fe0)
* Expire in 0 ms for 1 (transfer 0x28ae7bf0fe0)
* Expire in 0 ms for 1 (transfer 0x28ae7bf0fe0)
* Expire in 2 ms for 1 (transfer 0x28ae7bf0fe0)
* Expire in 0 ms for 1 (transfer 0x28ae7bf0fe0)
* Expire in 0 ms for 1 (transfer 0x28ae7bf0fe0)
* Expire in 2 ms for 1 (transfer 0x28ae7bf0fe0)
* Expire in 0 ms for 1 (transfer 0x28ae7bf0fe0)
* Expire in 0 ms for 1 (transfer 0x28ae7bf0fe0)
* Expire in 2 ms for 1 (transfer 0x28ae7bf0fe0)
* Expire in 0 ms for 1 (transfer 0x28ae7bf0fe0)
* Expire in 0 ms for 1 (transfer 0x28ae7bf0fe0)
* Expire in 2 ms for 1 (transfer 0x28ae7bf0fe0)
* Expire in 0 ms for 1 (transfer 0x28ae7bf0fe0)
* Expire in 0 ms for 1 (transfer 0x28ae7bf0fe0)
* Expire in 2 ms for 1 (transfer 0x28ae7bf0fe0)
* Expire in 0 ms for 1 (transfer 0x28ae7bf0fe0)
* Expire in 0 ms for 1 (transfer 0x28ae7bf0fe0)
* Expire in 2 ms for 1 (transfer 0x28ae7bf0fe0)
* Expire in 0 ms for 1 (transfer 0x28ae7bf0fe0)
* Expire in 0 ms for 1 (transfer 0x28ae7bf0fe0)
* Expire in 2 ms for 1 (transfer 0x28ae7bf0fe0)
* Expire in 0 ms for 1 (transfer 0x28ae7bf0fe0)
* Expire in 0 ms for 1 (transfer 0x28ae7bf0fe0)
* Expire in 2 ms for 1 (transfer 0x28ae7bf0fe0)
* Expire in 0 ms for 1 (transfer 0x28ae7bf0fe0)
* Expire in 0 ms for 1 (transfer 0x28ae7bf0fe0)
* Expire in 2 ms for 1 (transfer 0x28ae7bf0fe0)
* Expire in 0 ms for 1 (transfer 0x28ae7bf0fe0)
* Expire in 0 ms for 1 (transfer 0x28ae7bf0fe0)
* Expire in 2 ms for 1 (transfer 0x28ae7bf0fe0)
* Expire in 0 ms for 1 (transfer 0x28ae7bf0fe0)
* Expire in 0 ms for 1 (transfer 0x28ae7bf0fe0)
* Expire in 2 ms for 1 (transfer 0x28ae7bf0fe0)
* Expire in 0 ms for 1 (transfer 0x28ae7bf0fe0)
* Expire in 0 ms for 1 (transfer 0x28ae7bf0fe0)
* Expire in 2 ms for 1 (transfer 0x28ae7bf0fe0)
* Expire in 0 ms for 1 (transfer 0x28ae7bf0fe0)
* Expire in 0 ms for 1 (transfer 0x28ae7bf0fe0)
* Expire in 2 ms for 1 (transfer 0x28ae7bf0fe0)
* Expire in 0 ms for 1 (transfer 0x28ae7bf0fe0)
* Expire in 0 ms for 1 (transfer 0x28ae7bf0fe0)
* Expire in 2 ms for 1 (transfer 0x28ae7bf0fe0)
* Expire in 0 ms for 1 (transfer 0x28ae7bf0fe0)
* Expire in 0 ms for 1 (transfer 0x28ae7bf0fe0)
* Expire in 2 ms for 1 (transfer 0x28ae7bf0fe0)
* Expire in 0 ms for 1 (transfer 0x28ae7bf0fe0)
* Expire in 0 ms for 1 (transfer 0x28ae7bf0fe0)
* Expire in 2 ms for 1 (transfer 0x28ae7bf0fe0)
* Expire in 0 ms for 1 (transfer 0x28ae7bf0fe0)
* Expire in 0 ms for 1 (transfer 0x28ae7bf0fe0)
* Expire in 2 ms for 1 (transfer 0x28ae7bf0fe0)
* Expire in 0 ms for 1 (transfer 0x28ae7bf0fe0)
* Expire in 0 ms for 1 (transfer 0x28ae7bf0fe0)
* Expire in 2 ms for 1 (transfer 0x28ae7bf0fe0)
* Expire in 0 ms for 1 (transfer 0x28ae7bf0fe0)
* Expire in 0 ms for 1 (transfer 0x28ae7bf0fe0)
* Expire in 2 ms for 1 (transfer 0x28ae7bf0fe0)
* Expire in 0 ms for 1 (transfer 0x28ae7bf0fe0)
* Expire in 0 ms for 1 (transfer 0x28ae7bf0fe0)
* Expire in 2 ms for 1 (transfer 0x28ae7bf0fe0)
* Expire in 0 ms for 1 (transfer 0x28ae7bf0fe0)
* Expire in 0 ms for 1 (transfer 0x28ae7bf0fe0)
* Expire in 2 ms for 1 (transfer 0x28ae7bf0fe0)
* Expire in 0 ms for 1 (transfer 0x28ae7bf0fe0)
* Expire in 0 ms for 1 (transfer 0x28ae7bf0fe0)
* Expire in 2 ms for 1 (transfer 0x28ae7bf0fe0)
* Expire in 0 ms for 1 (transfer 0x28ae7bf0fe0)
* Expire in 0 ms for 1 (transfer 0x28ae7bf0fe0)
* Expire in 2 ms for 1 (transfer 0x28ae7bf0fe0)
* Expire in 0 ms for 1 (transfer 0x28ae7bf0fe0)
* Expire in 0 ms for 1 (transfer 0x28ae7bf0fe0)
* Expire in 2 ms for 1 (transfer 0x28ae7bf0fe0)
* Expire in 0 ms for 1 (transfer 0x28ae7bf0fe0)
* Expire in 0 ms for 1 (transfer 0x28ae7bf0fe0)
* Expire in 2 ms for 1 (transfer 0x28ae7bf0fe0)
* Expire in 0 ms for 1 (transfer 0x28ae7bf0fe0)
* Expire in 0 ms for 1 (transfer 0x28ae7bf0fe0)
* Expire in 2 ms for 1 (transfer 0x28ae7bf0fe0)
* Expire in 0 ms for 1 (transfer 0x28ae7bf0fe0)
* Expire in 0 ms for 1 (transfer 0x28ae7bf0fe0)
* Expire in 2 ms for 1 (transfer 0x28ae7bf0fe0)
* Expire in 0 ms for 1 (transfer 0x28ae7bf0fe0)
* Expire in 0 ms for 1 (transfer 0x28ae7bf0fe0)
* Expire in 2 ms for 1 (transfer 0x28ae7bf0fe0)
* Expire in 0 ms for 1 (transfer 0x28ae7bf0fe0)
* Expire in 0 ms for 1 (transfer 0x28ae7bf0fe0)
* Expire in 2 ms for 1 (transfer 0x28ae7bf0fe0)
* Expire in 0 ms for 1 (transfer 0x28ae7bf0fe0)
* Expire in 0 ms for 1 (transfer 0x28ae7bf0fe0)
* Expire in 2 ms for 1 (transfer 0x28ae7bf0fe0)
* Expire in 0 ms for 1 (transfer 0x28ae7bf0fe0)
* Expire in 0 ms for 1 (transfer 0x28ae7bf0fe0)
* Expire in 2 ms for 1 (transfer 0x28ae7bf0fe0)
* Expire in 0 ms for 1 (transfer 0x28ae7bf0fe0)
* Expire in 0 ms for 1 (transfer 0x28ae7bf0fe0)
* Expire in 2 ms for 1 (transfer 0x28ae7bf0fe0)
* Expire in 0 ms for 1 (transfer 0x28ae7bf0fe0)
* Expire in 0 ms for 1 (transfer 0x28ae7bf0fe0)
* Expire in 2 ms for 1 (transfer 0x28ae7bf0fe0)
* Expire in 0 ms for 1 (transfer 0x28ae7bf0fe0)
* Expire in 0 ms for 1 (transfer 0x28ae7bf0fe0)
* Expire in 2 ms for 1 (transfer 0x28ae7bf0fe0)
* Expire in 0 ms for 1 (transfer 0x28ae7bf0fe0)
* Expire in 0 ms for 1 (transfer 0x28ae7bf0fe0)
* Expire in 2 ms for 1 (transfer 0x28ae7bf0fe0)
* Expire in 0 ms for 1 (transfer 0x28ae7bf0fe0)
* Expire in 0 ms for 1 (transfer 0x28ae7bf0fe0)
* Expire in 2 ms for 1 (transfer 0x28ae7bf0fe0)
* Expire in 0 ms for 1 (transfer 0x28ae7bf0fe0)
* Expire in 0 ms for 1 (transfer 0x28ae7bf0fe0)
* Expire in 2 ms for 1 (transfer 0x28ae7bf0fe0)
* Expire in 0 ms for 1 (transfer 0x28ae7bf0fe0)
* Expire in 0 ms for 1 (transfer 0x28ae7bf0fe0)
* Expire in 2 ms for 1 (transfer 0x28ae7bf0fe0)
* Expire in 0 ms for 1 (transfer 0x28ae7bf0fe0)
* Expire in 0 ms for 1 (transfer 0x28ae7bf0fe0)
* Expire in 2 ms for 1 (transfer 0x28ae7bf0fe0)
* Expire in 0 ms for 1 (transfer 0x28ae7bf0fe0)
* Expire in 0 ms for 1 (transfer 0x28ae7bf0fe0)
* Expire in 2 ms for 1 (transfer 0x28ae7bf0fe0)
* Expire in 0 ms for 1 (transfer 0x28ae7bf0fe0)
* Expire in 0 ms for 1 (transfer 0x28ae7bf0fe0)
* Expire in 2 ms for 1 (transfer 0x28ae7bf0fe0)
* Expire in 0 ms for 1 (transfer 0x28ae7bf0fe0)
* Expire in 0 ms for 1 (transfer 0x28ae7bf0fe0)
* Expire in 2 ms for 1 (transfer 0x28ae7bf0fe0)
* Expire in 0 ms for 1 (transfer 0x28ae7bf0fe0)
* Expire in 0 ms for 1 (transfer 0x28ae7bf0fe0)
* Expire in 2 ms for 1 (transfer 0x28ae7bf0fe0)
* Expire in 0 ms for 1 (transfer 0x28ae7bf0fe0)
* Expire in 0 ms for 1 (transfer 0x28ae7bf0fe0)
* Expire in 2 ms for 1 (transfer 0x28ae7bf0fe0)
* Expire in 0 ms for 1 (transfer 0x28ae7bf0fe0)
* Expire in 0 ms for 1 (transfer 0x28ae7bf0fe0)
* Expire in 2 ms for 1 (transfer 0x28ae7bf0fe0)
* Expire in 0 ms for 1 (transfer 0x28ae7bf0fe0)
* Expire in 0 ms for 1 (transfer 0x28ae7bf0fe0)
* Expire in 2 ms for 1 (transfer 0x28ae7bf0fe0)
* Expire in 0 ms for 1 (transfer 0x28ae7bf0fe0)
* Expire in 0 ms for 1 (transfer 0x28ae7bf0fe0)
* Expire in 2 ms for 1 (transfer 0x28ae7bf0fe0)
* Expire in 0 ms for 1 (transfer 0x28ae7bf0fe0)
* Expire in 0 ms for 1 (transfer 0x28ae7bf0fe0)
* Expire in 2 ms for 1 (transfer 0x28ae7bf0fe0)
* Expire in 0 ms for 1 (transfer 0x28ae7bf0fe0)
* Expire in 0 ms for 1 (transfer 0x28ae7bf0fe0)
* Expire in 2 ms for 1 (transfer 0x28ae7bf0fe0)
* Expire in 0 ms for 1 (transfer 0x28ae7bf0fe0)
* Expire in 0 ms for 1 (transfer 0x28ae7bf0fe0)
* Expire in 2 ms for 1 (transfer 0x28ae7bf0fe0)
* Expire in 0 ms for 1 (transfer 0x28ae7bf0fe0)
* Expire in 0 ms for 1 (transfer 0x28ae7bf0fe0)
* Expire in 2 ms for 1 (transfer 0x28ae7bf0fe0)
* Expire in 0 ms for 1 (transfer 0x28ae7bf0fe0)
* Expire in 0 ms for 1 (transfer 0x28ae7bf0fe0)
* Expire in 2 ms for 1 (transfer 0x28ae7bf0fe0)
* Expire in 0 ms for 1 (transfer 0x28ae7bf0fe0)
* Expire in 0 ms for 1 (transfer 0x28ae7bf0fe0)
* Expire in 2 ms for 1 (transfer 0x28ae7bf0fe0)
* Expire in 0 ms for 1 (transfer 0x28ae7bf0fe0)
* Expire in 0 ms for 1 (transfer 0x28ae7bf0fe0)
* Expire in 2 ms for 1 (transfer 0x28ae7bf0fe0)
* Expire in 0 ms for 1 (transfer 0x28ae7bf0fe0)
* Expire in 0 ms for 1 (transfer 0x28ae7bf0fe0)
* Expire in 2 ms for 1 (transfer 0x28ae7bf0fe0)
* Expire in 0 ms for 1 (transfer 0x28ae7bf0fe0)
* Expire in 0 ms for 1 (transfer 0x28ae7bf0fe0)
* Expire in 2 ms for 1 (transfer 0x28ae7bf0fe0)
* Expire in 0 ms for 1 (transfer 0x28ae7bf0fe0)
* Expire in 0 ms for 1 (transfer 0x28ae7bf0fe0)
* Expire in 2 ms for 1 (transfer 0x28ae7bf0fe0)
* Expire in 0 ms for 1 (transfer 0x28ae7bf0fe0)
* Expire in 0 ms for 1 (transfer 0x28ae7bf0fe0)
* Expire in 2 ms for 1 (transfer 0x28ae7bf0fe0)
* Expire in 0 ms for 1 (transfer 0x28ae7bf0fe0)
* Expire in 0 ms for 1 (transfer 0x28ae7bf0fe0)
* Expire in 2 ms for 1 (transfer 0x28ae7bf0fe0)
* Expire in 0 ms for 1 (transfer 0x28ae7bf0fe0)
* Expire in 0 ms for 1 (transfer 0x28ae7bf0fe0)
* Expire in 2 ms for 1 (transfer 0x28ae7bf0fe0)
* Expire in 0 ms for 1 (transfer 0x28ae7bf0fe0)
* Expire in 0 ms for 1 (transfer 0x28ae7bf0fe0)
* Expire in 2 ms for 1 (transfer 0x28ae7bf0fe0)
* Expire in 0 ms for 1 (transfer 0x28ae7bf0fe0)
* Expire in 0 ms for 1 (transfer 0x28ae7bf0fe0)
* Expire in 2 ms for 1 (transfer 0x28ae7bf0fe0)
* Expire in 0 ms for 1 (transfer 0x28ae7bf0fe0)
* Expire in 0 ms for 1 (transfer 0x28ae7bf0fe0)
* Expire in 2 ms for 1 (transfer 0x28ae7bf0fe0)
* Expire in 0 ms for 1 (transfer 0x28ae7bf0fe0)
* Expire in 0 ms for 1 (transfer 0x28ae7bf0fe0)
* Expire in 2 ms for 1 (transfer 0x28ae7bf0fe0)
* Expire in 0 ms for 1 (transfer 0x28ae7bf0fe0)
* Expire in 0 ms for 1 (transfer 0x28ae7bf0fe0)
* Expire in 2 ms for 1 (transfer 0x28ae7bf0fe0)
* Expire in 0 ms for 1 (transfer 0x28ae7bf0fe0)
* Expire in 0 ms for 1 (transfer 0x28ae7bf0fe0)
* Expire in 2 ms for 1 (transfer 0x28ae7bf0fe0)
* Expire in 0 ms for 1 (transfer 0x28ae7bf0fe0)
* Expire in 0 ms for 1 (transfer 0x28ae7bf0fe0)
* Expire in 2 ms for 1 (transfer 0x28ae7bf0fe0)
* Expire in 0 ms for 1 (transfer 0x28ae7bf0fe0)
* Expire in 0 ms for 1 (transfer 0x28ae7bf0fe0)
* Expire in 2 ms for 1 (transfer 0x28ae7bf0fe0)
* Expire in 0 ms for 1 (transfer 0x28ae7bf0fe0)
* Expire in 0 ms for 1 (transfer 0x28ae7bf0fe0)
* Expire in 2 ms for 1 (transfer 0x28ae7bf0fe0)
* Expire in 0 ms for 1 (transfer 0x28ae7bf0fe0)
* Expire in 0 ms for 1 (transfer 0x28ae7bf0fe0)
* Expire in 2 ms for 1 (transfer 0x28ae7bf0fe0)
* Expire in 0 ms for 1 (transfer 0x28ae7bf0fe0)
* Expire in 0 ms for 1 (transfer 0x28ae7bf0fe0)
* Expire in 2 ms for 1 (transfer 0x28ae7bf0fe0)
* Expire in 0 ms for 1 (transfer 0x28ae7bf0fe0)
* Expire in 0 ms for 1 (transfer 0x28ae7bf0fe0)
* Expire in 2 ms for 1 (transfer 0x28ae7bf0fe0)
* Expire in 0 ms for 1 (transfer 0x28ae7bf0fe0)
* Expire in 0 ms for 1 (transfer 0x28ae7bf0fe0)
* Expire in 2 ms for 1 (transfer 0x28ae7bf0fe0)
* Expire in 0 ms for 1 (transfer 0x28ae7bf0fe0)
* Expire in 0 ms for 1 (transfer 0x28ae7bf0fe0)
* Expire in 2 ms for 1 (transfer 0x28ae7bf0fe0)
* Expire in 0 ms for 1 (transfer 0x28ae7bf0fe0)
* Expire in 0 ms for 1 (transfer 0x28ae7bf0fe0)
* Expire in 2 ms for 1 (transfer 0x28ae7bf0fe0)
* Expire in 0 ms for 1 (transfer 0x28ae7bf0fe0)
* Expire in 0 ms for 1 (transfer 0x28ae7bf0fe0)
* Expire in 2 ms for 1 (transfer 0x28ae7bf0fe0)
* Expire in 0 ms for 1 (transfer 0x28ae7bf0fe0)
* Expire in 0 ms for 1 (transfer 0x28ae7bf0fe0)
* Expire in 2 ms for 1 (transfer 0x28ae7bf0fe0)
* Expire in 0 ms for 1 (transfer 0x28ae7bf0fe0)
* Expire in 0 ms for 1 (transfer 0x28ae7bf0fe0)
* Expire in 2 ms for 1 (transfer 0x28ae7bf0fe0)
* Expire in 0 ms for 1 (transfer 0x28ae7bf0fe0)
* Expire in 0 ms for 1 (transfer 0x28ae7bf0fe0)
* Expire in 2 ms for 1 (transfer 0x28ae7bf0fe0)
* Expire in 0 ms for 1 (transfer 0x28ae7bf0fe0)
* Expire in 0 ms for 1 (transfer 0x28ae7bf0fe0)
* Expire in 2 ms for 1 (transfer 0x28ae7bf0fe0)
* Expire in 0 ms for 1 (transfer 0x28ae7bf0fe0)
* Expire in 0 ms for 1 (transfer 0x28ae7bf0fe0)
* Expire in 2 ms for 1 (transfer 0x28ae7bf0fe0)
* Expire in 0 ms for 1 (transfer 0x28ae7bf0fe0)
* Expire in 0 ms for 1 (transfer 0x28ae7bf0fe0)
* Expire in 2 ms for 1 (transfer 0x28ae7bf0fe0)
* Expire in 0 ms for 1 (transfer 0x28ae7bf0fe0)
* Expire in 0 ms for 1 (transfer 0x28ae7bf0fe0)
* Expire in 2 ms for 1 (transfer 0x28ae7bf0fe0)
* Expire in 0 ms for 1 (transfer 0x28ae7bf0fe0)
* Expire in 0 ms for 1 (transfer 0x28ae7bf0fe0)
* Expire in 2 ms for 1 (transfer 0x28ae7bf0fe0)
* Expire in 0 ms for 1 (transfer 0x28ae7bf0fe0)
* Expire in 0 ms for 1 (transfer 0x28ae7bf0fe0)
* Expire in 2 ms for 1 (transfer 0x28ae7bf0fe0)
* Expire in 0 ms for 1 (transfer 0x28ae7bf0fe0)
* Expire in 0 ms for 1 (transfer 0x28ae7bf0fe0)
* Expire in 2 ms for 1 (transfer 0x28ae7bf0fe0)
* Expire in 0 ms for 1 (transfer 0x28ae7bf0fe0)
* Expire in 0 ms for 1 (transfer 0x28ae7bf0fe0)
* Expire in 2 ms for 1 (transfer 0x28ae7bf0fe0)
* Expire in 0 ms for 1 (transfer 0x28ae7bf0fe0)
* Expire in 0 ms for 1 (transfer 0x28ae7bf0fe0)
* Expire in 2 ms for 1 (transfer 0x28ae7bf0fe0)
* Expire in 0 ms for 1 (transfer 0x28ae7bf0fe0)
* Expire in 0 ms for 1 (transfer 0x28ae7bf0fe0)
* Expire in 2 ms for 1 (transfer 0x28ae7bf0fe0)
* Expire in 0 ms for 1 (transfer 0x28ae7bf0fe0)
* Expire in 0 ms for 1 (transfer 0x28ae7bf0fe0)
* Expire in 2 ms for 1 (transfer 0x28ae7bf0fe0)
* Expire in 0 ms for 1 (transfer 0x28ae7bf0fe0)
* Expire in 0 ms for 1 (transfer 0x28ae7bf0fe0)
* Expire in 2 ms for 1 (transfer 0x28ae7bf0fe0)
* Expire in 0 ms for 1 (transfer 0x28ae7bf0fe0)
* Expire in 0 ms for 1 (transfer 0x28ae7bf0fe0)
* Expire in 2 ms for 1 (transfer 0x28ae7bf0fe0)
* Expire in 0 ms for 1 (transfer 0x28ae7bf0fe0)
* Expire in 0 ms for 1 (transfer 0x28ae7bf0fe0)
* Expire in 2 ms for 1 (transfer 0x28ae7bf0fe0)
* Expire in 0 ms for 1 (transfer 0x28ae7bf0fe0)
* Expire in 0 ms for 1 (transfer 0x28ae7bf0fe0)
* Expire in 2 ms for 1 (transfer 0x28ae7bf0fe0)
* Expire in 0 ms for 1 (transfer 0x28ae7bf0fe0)
* Expire in 0 ms for 1 (transfer 0x28ae7bf0fe0)
* Expire in 2 ms for 1 (transfer 0x28ae7bf0fe0)
* Expire in 0 ms for 1 (transfer 0x28ae7bf0fe0)
* Expire in 0 ms for 1 (transfer 0x28ae7bf0fe0)
* Expire in 2 ms for 1 (transfer 0x28ae7bf0fe0)
* Expire in 0 ms for 1 (transfer 0x28ae7bf0fe0)
* Expire in 0 ms for 1 (transfer 0x28ae7bf0fe0)
* Expire in 2 ms for 1 (transfer 0x28ae7bf0fe0)
* Expire in 0 ms for 1 (transfer 0x28ae7bf0fe0)
* Expire in 0 ms for 1 (transfer 0x28ae7bf0fe0)
* Expire in 2 ms for 1 (transfer 0x28ae7bf0fe0)
* Expire in 0 ms for 1 (transfer 0x28ae7bf0fe0)
* Expire in 0 ms for 1 (transfer 0x28ae7bf0fe0)
* Expire in 2 ms for 1 (transfer 0x28ae7bf0fe0)
* Expire in 0 ms for 1 (transfer 0x28ae7bf0fe0)
* Expire in 0 ms for 1 (transfer 0x28ae7bf0fe0)
* Expire in 2 ms for 1 (transfer 0x28ae7bf0fe0)
* Expire in 0 ms for 1 (transfer 0x28ae7bf0fe0)
* Expire in 0 ms for 1 (transfer 0x28ae7bf0fe0)
* Expire in 2 ms for 1 (transfer 0x28ae7bf0fe0)
* Expire in 0 ms for 1 (transfer 0x28ae7bf0fe0)
* Expire in 0 ms for 1 (transfer 0x28ae7bf0fe0)
* Expire in 2 ms for 1 (transfer 0x28ae7bf0fe0)
* Expire in 0 ms for 1 (transfer 0x28ae7bf0fe0)
* Expire in 0 ms for 1 (transfer 0x28ae7bf0fe0)
* Expire in 2 ms for 1 (transfer 0x28ae7bf0fe0)
* Expire in 0 ms for 1 (transfer 0x28ae7bf0fe0)
* Expire in 0 ms for 1 (transfer 0x28ae7bf0fe0)
* Expire in 2 ms for 1 (transfer 0x28ae7bf0fe0)
* Expire in 0 ms for 1 (transfer 0x28ae7bf0fe0)
* Expire in 0 ms for 1 (transfer 0x28ae7bf0fe0)
* Expire in 2 ms for 1 (transfer 0x28ae7bf0fe0)
* Expire in 0 ms for 1 (transfer 0x28ae7bf0fe0)
* Expire in 0 ms for 1 (transfer 0x28ae7bf0fe0)
* Expire in 2 ms for 1 (transfer 0x28ae7bf0fe0)
* Expire in 0 ms for 1 (transfer 0x28ae7bf0fe0)
* Expire in 0 ms for 1 (transfer 0x28ae7bf0fe0)
* Expire in 2 ms for 1 (transfer 0x28ae7bf0fe0)
* Expire in 0 ms for 1 (transfer 0x28ae7bf0fe0)
* Expire in 0 ms for 1 (transfer 0x28ae7bf0fe0)
* Expire in 2 ms for 1 (transfer 0x28ae7bf0fe0)
* Expire in 0 ms for 1 (transfer 0x28ae7bf0fe0)
* Expire in 0 ms for 1 (transfer 0x28ae7bf0fe0)
* Expire in 2 ms for 1 (transfer 0x28ae7bf0fe0)
* Expire in 0 ms for 1 (transfer 0x28ae7bf0fe0)
* Expire in 0 ms for 1 (transfer 0x28ae7bf0fe0)
* Expire in 2 ms for 1 (transfer 0x28ae7bf0fe0)
* Expire in 0 ms for 1 (transfer 0x28ae7bf0fe0)
* Expire in 0 ms for 1 (transfer 0x28ae7bf0fe0)
* Expire in 2 ms for 1 (transfer 0x28ae7bf0fe0)
* Expire in 0 ms for 1 (transfer 0x28ae7bf0fe0)
* Expire in 0 ms for 1 (transfer 0x28ae7bf0fe0)
* Expire in 2 ms for 1 (transfer 0x28ae7bf0fe0)
* Expire in 0 ms for 1 (transfer 0x28ae7bf0fe0)
* Expire in 0 ms for 1 (transfer 0x28ae7bf0fe0)
* Expire in 2 ms for 1 (transfer 0x28ae7bf0fe0)
* Expire in 0 ms for 1 (transfer 0x28ae7bf0fe0)
* Expire in 0 ms for 1 (transfer 0x28ae7bf0fe0)
* Expire in 2 ms for 1 (transfer 0x28ae7bf0fe0)
* Expire in 0 ms for 1 (transfer 0x28ae7bf0fe0)
* Expire in 0 ms for 1 (transfer 0x28ae7bf0fe0)
* Expire in 2 ms for 1 (transfer 0x28ae7bf0fe0)
* Expire in 0 ms for 1 (transfer 0x28ae7bf0fe0)
* Expire in 0 ms for 1 (transfer 0x28ae7bf0fe0)
* Expire in 2 ms for 1 (transfer 0x28ae7bf0fe0)
* Expire in 0 ms for 1 (transfer 0x28ae7bf0fe0)
* Expire in 0 ms for 1 (transfer 0x28ae7bf0fe0)
* Expire in 2 ms for 1 (transfer 0x28ae7bf0fe0)
* Expire in 0 ms for 1 (transfer 0x28ae7bf0fe0)
* Expire in 0 ms for 1 (transfer 0x28ae7bf0fe0)
* Expire in 2 ms for 1 (transfer 0x28ae7bf0fe0)
* Expire in 0 ms for 1 (transfer 0x28ae7bf0fe0)
* Expire in 0 ms for 1 (transfer 0x28ae7bf0fe0)
* Expire in 2 ms for 1 (transfer 0x28ae7bf0fe0)
* Expire in 0 ms for 1 (transfer 0x28ae7bf0fe0)
* Expire in 0 ms for 1 (transfer 0x28ae7bf0fe0)
* Expire in 2 ms for 1 (transfer 0x28ae7bf0fe0)
* Expire in 0 ms for 1 (transfer 0x28ae7bf0fe0)
* Expire in 0 ms for 1 (transfer 0x28ae7bf0fe0)
* Expire in 2 ms for 1 (transfer 0x28ae7bf0fe0)
* Expire in 0 ms for 1 (transfer 0x28ae7bf0fe0)
* Expire in 0 ms for 1 (transfer 0x28ae7bf0fe0)
* Expire in 2 ms for 1 (transfer 0x28ae7bf0fe0)
* Expire in 0 ms for 1 (transfer 0x28ae7bf0fe0)
* Expire in 0 ms for 1 (transfer 0x28ae7bf0fe0)
* Expire in 2 ms for 1 (transfer 0x28ae7bf0fe0)
* Expire in 0 ms for 1 (transfer 0x28ae7bf0fe0)
* Expire in 0 ms for 1 (transfer 0x28ae7bf0fe0)
* Expire in 2 ms for 1 (transfer 0x28ae7bf0fe0)
* Expire in 0 ms for 1 (transfer 0x28ae7bf0fe0)
* Expire in 0 ms for 1 (transfer 0x28ae7bf0fe0)
* Expire in 2 ms for 1 (transfer 0x28ae7bf0fe0)
* Expire in 0 ms for 1 (transfer 0x28ae7bf0fe0)
* Expire in 0 ms for 1 (transfer 0x28ae7bf0fe0)
* Expire in 2 ms for 1 (transfer 0x28ae7bf0fe0)
* Expire in 0 ms for 1 (transfer 0x28ae7bf0fe0)
* Expire in 0 ms for 1 (transfer 0x28ae7bf0fe0)
* Expire in 2 ms for 1 (transfer 0x28ae7bf0fe0)
* Expire in 0 ms for 1 (transfer 0x28ae7bf0fe0)
* Expire in 0 ms for 1 (transfer 0x28ae7bf0fe0)
* Expire in 2 ms for 1 (transfer 0x28ae7bf0fe0)
* Expire in 0 ms for 1 (transfer 0x28ae7bf0fe0)
* Expire in 0 ms for 1 (transfer 0x28ae7bf0fe0)
* Expire in 2 ms for 1 (transfer 0x28ae7bf0fe0)
* Expire in 0 ms for 1 (transfer 0x28ae7bf0fe0)
* Expire in 0 ms for 1 (transfer 0x28ae7bf0fe0)
* Expire in 2 ms for 1 (transfer 0x28ae7bf0fe0)
* Expire in 0 ms for 1 (transfer 0x28ae7bf0fe0)
* Expire in 0 ms for 1 (transfer 0x28ae7bf0fe0)
* Expire in 2 ms for 1 (transfer 0x28ae7bf0fe0)
* Expire in 0 ms for 1 (transfer 0x28ae7bf0fe0)
* Expire in 0 ms for 1 (transfer 0x28ae7bf0fe0)
* Expire in 2 ms for 1 (transfer 0x28ae7bf0fe0)
* Expire in 0 ms for 1 (transfer 0x28ae7bf0fe0)
* Expire in 0 ms for 1 (transfer 0x28ae7bf0fe0)
* Expire in 2 ms for 1 (transfer 0x28ae7bf0fe0)
* Expire in 0 ms for 1 (transfer 0x28ae7bf0fe0)
* Expire in 0 ms for 1 (transfer 0x28ae7bf0fe0)
* Expire in 2 ms for 1 (transfer 0x28ae7bf0fe0)
* Expire in 0 ms for 1 (transfer 0x28ae7bf0fe0)
* Expire in 0 ms for 1 (transfer 0x28ae7bf0fe0)
* Expire in 2 ms for 1 (transfer 0x28ae7bf0fe0)
* Expire in 0 ms for 1 (transfer 0x28ae7bf0fe0)
* Expire in 0 ms for 1 (transfer 0x28ae7bf0fe0)
* Expire in 2 ms for 1 (transfer 0x28ae7bf0fe0)
* Expire in 0 ms for 1 (transfer 0x28ae7bf0fe0)
* Expire in 0 ms for 1 (transfer 0x28ae7bf0fe0)
* Expire in 2 ms for 1 (transfer 0x28ae7bf0fe0)
* Expire in 0 ms for 1 (transfer 0x28ae7bf0fe0)
* Expire in 0 ms for 1 (transfer 0x28ae7bf0fe0)
* Expire in 2 ms for 1 (transfer 0x28ae7bf0fe0)
* Expire in 0 ms for 1 (transfer 0x28ae7bf0fe0)
* Expire in 0 ms for 1 (transfer 0x28ae7bf0fe0)
* Expire in 2 ms for 1 (transfer 0x28ae7bf0fe0)
* Expire in 0 ms for 1 (transfer 0x28ae7bf0fe0)
* Expire in 0 ms for 1 (transfer 0x28ae7bf0fe0)
* Expire in 2 ms for 1 (transfer 0x28ae7bf0fe0)
* Expire in 0 ms for 1 (transfer 0x28ae7bf0fe0)
* Expire in 0 ms for 1 (transfer 0x28ae7bf0fe0)
* Expire in 2 ms for 1 (transfer 0x28ae7bf0fe0)
* Expire in 0 ms for 1 (transfer 0x28ae7bf0fe0)
* Expire in 0 ms for 1 (transfer 0x28ae7bf0fe0)
* Expire in 2 ms for 1 (transfer 0x28ae7bf0fe0)
* Expire in 0 ms for 1 (transfer 0x28ae7bf0fe0)
* Expire in 0 ms for 1 (transfer 0x28ae7bf0fe0)
* Expire in 2 ms for 1 (transfer 0x28ae7bf0fe0)
* Expire in 0 ms for 1 (transfer 0x28ae7bf0fe0)
* Expire in 0 ms for 1 (transfer 0x28ae7bf0fe0)
* Expire in 2 ms for 1 (transfer 0x28ae7bf0fe0)
* Expire in 0 ms for 1 (transfer 0x28ae7bf0fe0)
* Expire in 0 ms for 1 (transfer 0x28ae7bf0fe0)
* Expire in 2 ms for 1 (transfer 0x28ae7bf0fe0)
* Expire in 0 ms for 1 (transfer 0x28ae7bf0fe0)
* Expire in 0 ms for 1 (transfer 0x28ae7bf0fe0)
* Expire in 2 ms for 1 (transfer 0x28ae7bf0fe0)
* Expire in 0 ms for 1 (transfer 0x28ae7bf0fe0)
* Expire in 0 ms for 1 (transfer 0x28ae7bf0fe0)
* Expire in 2 ms for 1 (transfer 0x28ae7bf0fe0)
* Expire in 0 ms for 1 (transfer 0x28ae7bf0fe0)
* Expire in 0 ms for 1 (transfer 0x28ae7bf0fe0)
* Expire in 2 ms for 1 (transfer 0x28ae7bf0fe0)
* Expire in 0 ms for 1 (transfer 0x28ae7bf0fe0)
* Expire in 0 ms for 1 (transfer 0x28ae7bf0fe0)
* Expire in 2 ms for 1 (transfer 0x28ae7bf0fe0)
* Expire in 0 ms for 1 (transfer 0x28ae7bf0fe0)
* Expire in 0 ms for 1 (transfer 0x28ae7bf0fe0)
* Expire in 2 ms for 1 (transfer 0x28ae7bf0fe0)
* Expire in 0 ms for 1 (transfer 0x28ae7bf0fe0)
* Expire in 0 ms for 1 (transfer 0x28ae7bf0fe0)
* Expire in 2 ms for 1 (transfer 0x28ae7bf0fe0)
* Expire in 0 ms for 1 (transfer 0x28ae7bf0fe0)
* Expire in 0 ms for 1 (transfer 0x28ae7bf0fe0)
* Expire in 2 ms for 1 (transfer 0x28ae7bf0fe0)
* Expire in 0 ms for 1 (transfer 0x28ae7bf0fe0)
* Expire in 0 ms for 1 (transfer 0x28ae7bf0fe0)
* Expire in 2 ms for 1 (transfer 0x28ae7bf0fe0)
* Expire in 0 ms for 1 (transfer 0x28ae7bf0fe0)
* Expire in 0 ms for 1 (transfer 0x28ae7bf0fe0)
* Expire in 2 ms for 1 (transfer 0x28ae7bf0fe0)
* Expire in 0 ms for 1 (transfer 0x28ae7bf0fe0)
* Expire in 0 ms for 1 (transfer 0x28ae7bf0fe0)
* Expire in 2 ms for 1 (transfer 0x28ae7bf0fe0)
* Expire in 0 ms for 1 (transfer 0x28ae7bf0fe0)
* Expire in 0 ms for 1 (transfer 0x28ae7bf0fe0)
* Expire in 2 ms for 1 (transfer 0x28ae7bf0fe0)
* Expire in 0 ms for 1 (transfer 0x28ae7bf0fe0)
* Expire in 0 ms for 1 (transfer 0x28ae7bf0fe0)
* Expire in 2 ms for 1 (transfer 0x28ae7bf0fe0)
* Expire in 0 ms for 1 (transfer 0x28ae7bf0fe0)
* Expire in 0 ms for 1 (transfer 0x28ae7bf0fe0)
* Expire in 2 ms for 1 (transfer 0x28ae7bf0fe0)
* Expire in 0 ms for 1 (transfer 0x28ae7bf0fe0)
* Expire in 0 ms for 1 (transfer 0x28ae7bf0fe0)
* Expire in 2 ms for 1 (transfer 0x28ae7bf0fe0)
* Expire in 0 ms for 1 (transfer 0x28ae7bf0fe0)
* Expire in 0 ms for 1 (transfer 0x28ae7bf0fe0)
* Expire in 2 ms for 1 (transfer 0x28ae7bf0fe0)
* Expire in 0 ms for 1 (transfer 0x28ae7bf0fe0)
* Expire in 0 ms for 1 (transfer 0x28ae7bf0fe0)
* Expire in 2 ms for 1 (transfer 0x28ae7bf0fe0)
* Expire in 0 ms for 1 (transfer 0x28ae7bf0fe0)
* Expire in 0 ms for 1 (transfer 0x28ae7bf0fe0)
* Expire in 2 ms for 1 (transfer 0x28ae7bf0fe0)
* Expire in 0 ms for 1 (transfer 0x28ae7bf0fe0)
* Expire in 0 ms for 1 (transfer 0x28ae7bf0fe0)
* Expire in 2 ms for 1 (transfer 0x28ae7bf0fe0)
* Expire in 0 ms for 1 (transfer 0x28ae7bf0fe0)
* Expire in 0 ms for 1 (transfer 0x28ae7bf0fe0)
* Expire in 2 ms for 1 (transfer 0x28ae7bf0fe0)
* Expire in 0 ms for 1 (transfer 0x28ae7bf0fe0)
* Expire in 0 ms for 1 (transfer 0x28ae7bf0fe0)
* Expire in 2 ms for 1 (transfer 0x28ae7bf0fe0)
* Expire in 0 ms for 1 (transfer 0x28ae7bf0fe0)
* Expire in 0 ms for 1 (transfer 0x28ae7bf0fe0)
* Expire in 2 ms for 1 (transfer 0x28ae7bf0fe0)
* Expire in 0 ms for 1 (transfer 0x28ae7bf0fe0)
* Expire in 0 ms for 1 (transfer 0x28ae7bf0fe0)
* Expire in 2 ms for 1 (transfer 0x28ae7bf0fe0)
* Expire in 0 ms for 1 (transfer 0x28ae7bf0fe0)
* Expire in 0 ms for 1 (transfer 0x28ae7bf0fe0)
* Expire in 2 ms for 1 (transfer 0x28ae7bf0fe0)
* Expire in 0 ms for 1 (transfer 0x28ae7bf0fe0)
* Expire in 0 ms for 1 (transfer 0x28ae7bf0fe0)
* Expire in 2 ms for 1 (transfer 0x28ae7bf0fe0)
* Expire in 0 ms for 1 (transfer 0x28ae7bf0fe0)
* Expire in 0 ms for 1 (transfer 0x28ae7bf0fe0)
* Expire in 2 ms for 1 (transfer 0x28ae7bf0fe0)
* Expire in 0 ms for 1 (transfer 0x28ae7bf0fe0)
* Expire in 0 ms for 1 (transfer 0x28ae7bf0fe0)
* Expire in 2 ms for 1 (transfer 0x28ae7bf0fe0)
* Expire in 0 ms for 1 (transfer 0x28ae7bf0fe0)
* Expire in 0 ms for 1 (transfer 0x28ae7bf0fe0)
* Expire in 2 ms for 1 (transfer 0x28ae7bf0fe0)
* Expire in 0 ms for 1 (transfer 0x28ae7bf0fe0)
* Expire in 0 ms for 1 (transfer 0x28ae7bf0fe0)
* Expire in 2 ms for 1 (transfer 0x28ae7bf0fe0)
* Expire in 0 ms for 1 (transfer 0x28ae7bf0fe0)
* Expire in 0 ms for 1 (transfer 0x28ae7bf0fe0)
* Expire in 2 ms for 1 (transfer 0x28ae7bf0fe0)
* Expire in 0 ms for 1 (transfer 0x28ae7bf0fe0)
* Expire in 0 ms for 1 (transfer 0x28ae7bf0fe0)
* Expire in 2 ms for 1 (transfer 0x28ae7bf0fe0)
* Expire in 0 ms for 1 (transfer 0x28ae7bf0fe0)
* Expire in 0 ms for 1 (transfer 0x28ae7bf0fe0)
* Expire in 2 ms for 1 (transfer 0x28ae7bf0fe0)
* Expire in 0 ms for 1 (transfer 0x28ae7bf0fe0)
* Expire in 0 ms for 1 (transfer 0x28ae7bf0fe0)
* Expire in 2 ms for 1 (transfer 0x28ae7bf0fe0)
* Expire in 0 ms for 1 (transfer 0x28ae7bf0fe0)
* Expire in 0 ms for 1 (transfer 0x28ae7bf0fe0)
* Expire in 2 ms for 1 (transfer 0x28ae7bf0fe0)
* Expire in 0 ms for 1 (transfer 0x28ae7bf0fe0)
* Expire in 0 ms for 1 (transfer 0x28ae7bf0fe0)
* Expire in 2 ms for 1 (transfer 0x28ae7bf0fe0)
* Expire in 0 ms for 1 (transfer 0x28ae7bf0fe0)
* Expire in 0 ms for 1 (transfer 0x28ae7bf0fe0)
* Expire in 2 ms for 1 (transfer 0x28ae7bf0fe0)
* Expire in 0 ms for 1 (transfer 0x28ae7bf0fe0)
* Expire in 0 ms for 1 (transfer 0x28ae7bf0fe0)
* Expire in 2 ms for 1 (transfer 0x28ae7bf0fe0)
* Expire in 0 ms for 1 (transfer 0x28ae7bf0fe0)
* Expire in 0 ms for 1 (transfer 0x28ae7bf0fe0)
* Expire in 2 ms for 1 (transfer 0x28ae7bf0fe0)
* Expire in 0 ms for 1 (transfer 0x28ae7bf0fe0)
* Expire in 0 ms for 1 (transfer 0x28ae7bf0fe0)
* Expire in 2 ms for 1 (transfer 0x28ae7bf0fe0)
* Expire in 0 ms for 1 (transfer 0x28ae7bf0fe0)
* Expire in 0 ms for 1 (transfer 0x28ae7bf0fe0)
* Expire in 2 ms for 1 (transfer 0x28ae7bf0fe0)
* Expire in 0 ms for 1 (transfer 0x28ae7bf0fe0)
* Expire in 0 ms for 1 (transfer 0x28ae7bf0fe0)
* Expire in 2 ms for 1 (transfer 0x28ae7bf0fe0)
* Expire in 0 ms for 1 (transfer 0x28ae7bf0fe0)
* Expire in 0 ms for 1 (transfer 0x28ae7bf0fe0)
* Expire in 2 ms for 1 (transfer 0x28ae7bf0fe0)
* Expire in 0 ms for 1 (transfer 0x28ae7bf0fe0)
* Expire in 0 ms for 1 (transfer 0x28ae7bf0fe0)
* Expire in 2 ms for 1 (transfer 0x28ae7bf0fe0)
* Expire in 0 ms for 1 (transfer 0x28ae7bf0fe0)
* Expire in 0 ms for 1 (transfer 0x28ae7bf0fe0)
* Expire in 2 ms for 1 (transfer 0x28ae7bf0fe0)
* Expire in 0 ms for 1 (transfer 0x28ae7bf0fe0)
* Expire in 0 ms for 1 (transfer 0x28ae7bf0fe0)
* Expire in 2 ms for 1 (transfer 0x28ae7bf0fe0)
* Expire in 0 ms for 1 (transfer 0x28ae7bf0fe0)
* Expire in 0 ms for 1 (transfer 0x28ae7bf0fe0)
* Expire in 2 ms for 1 (transfer 0x28ae7bf0fe0)
* Expire in 0 ms for 1 (transfer 0x28ae7bf0fe0)
* Expire in 0 ms for 1 (transfer 0x28ae7bf0fe0)
* Expire in 2 ms for 1 (transfer 0x28ae7bf0fe0)
* Expire in 0 ms for 1 (transfer 0x28ae7bf0fe0)
* Expire in 0 ms for 1 (transfer 0x28ae7bf0fe0)
* Expire in 2 ms for 1 (transfer 0x28ae7bf0fe0)
* Expire in 0 ms for 1 (transfer 0x28ae7bf0fe0)
* Expire in 0 ms for 1 (transfer 0x28ae7bf0fe0)
* Expire in 2 ms for 1 (transfer 0x28ae7bf0fe0)
* Expire in 0 ms for 1 (transfer 0x28ae7bf0fe0)
* Expire in 0 ms for 1 (transfer 0x28ae7bf0fe0)
* Expire in 2 ms for 1 (transfer 0x28ae7bf0fe0)
* Expire in 0 ms for 1 (transfer 0x28ae7bf0fe0)
* Expire in 0 ms for 1 (transfer 0x28ae7bf0fe0)
* Expire in 2 ms for 1 (transfer 0x28ae7bf0fe0)
* Expire in 0 ms for 1 (transfer 0x28ae7bf0fe0)
* Expire in 0 ms for 1 (transfer 0x28ae7bf0fe0)
* Expire in 2 ms for 1 (transfer 0x28ae7bf0fe0)
* Expire in 0 ms for 1 (transfer 0x28ae7bf0fe0)
* Expire in 0 ms for 1 (transfer 0x28ae7bf0fe0)
* Expire in 2 ms for 1 (transfer 0x28ae7bf0fe0)
* Expire in 0 ms for 1 (transfer 0x28ae7bf0fe0)
* Expire in 0 ms for 1 (transfer 0x28ae7bf0fe0)
* Expire in 2 ms for 1 (transfer 0x28ae7bf0fe0)
* Expire in 0 ms for 1 (transfer 0x28ae7bf0fe0)
* Expire in 0 ms for 1 (transfer 0x28ae7bf0fe0)
* Expire in 2 ms for 1 (transfer 0x28ae7bf0fe0)
* Expire in 0 ms for 1 (transfer 0x28ae7bf0fe0)
* Expire in 0 ms for 1 (transfer 0x28ae7bf0fe0)
* Expire in 2 ms for 1 (transfer 0x28ae7bf0fe0)
* Expire in 0 ms for 1 (transfer 0x28ae7bf0fe0)
* Expire in 0 ms for 1 (transfer 0x28ae7bf0fe0)
* Expire in 2 ms for 1 (transfer 0x28ae7bf0fe0)
* Expire in 0 ms for 1 (transfer 0x28ae7bf0fe0)
* Expire in 0 ms for 1 (transfer 0x28ae7bf0fe0)
* Expire in 2 ms for 1 (transfer 0x28ae7bf0fe0)
* Expire in 0 ms for 1 (transfer 0x28ae7bf0fe0)
* Expire in 0 ms for 1 (transfer 0x28ae7bf0fe0)
* Expire in 2 ms for 1 (transfer 0x28ae7bf0fe0)
* Expire in 0 ms for 1 (transfer 0x28ae7bf0fe0)
* Expire in 0 ms for 1 (transfer 0x28ae7bf0fe0)
* Expire in 2 ms for 1 (transfer 0x28ae7bf0fe0)
* Expire in 0 ms for 1 (transfer 0x28ae7bf0fe0)
* Expire in 0 ms for 1 (transfer 0x28ae7bf0fe0)
* Expire in 2 ms for 1 (transfer 0x28ae7bf0fe0)
* Expire in 0 ms for 1 (transfer 0x28ae7bf0fe0)
* Expire in 0 ms for 1 (transfer 0x28ae7bf0fe0)
* Expire in 2 ms for 1 (transfer 0x28ae7bf0fe0)
* Expire in 0 ms for 1 (transfer 0x28ae7bf0fe0)
* Expire in 0 ms for 1 (transfer 0x28ae7bf0fe0)
* Expire in 2 ms for 1 (transfer 0x28ae7bf0fe0)
* Expire in 0 ms for 1 (transfer 0x28ae7bf0fe0)
* Expire in 0 ms for 1 (transfer 0x28ae7bf0fe0)
* Expire in 2 ms for 1 (transfer 0x28ae7bf0fe0)
* Expire in 0 ms for 1 (transfer 0x28ae7bf0fe0)
* Expire in 0 ms for 1 (transfer 0x28ae7bf0fe0)
* Expire in 2 ms for 1 (transfer 0x28ae7bf0fe0)
* Expire in 0 ms for 1 (transfer 0x28ae7bf0fe0)
* Expire in 0 ms for 1 (transfer 0x28ae7bf0fe0)
* Expire in 2 ms for 1 (transfer 0x28ae7bf0fe0)
* Expire in 0 ms for 1 (transfer 0x28ae7bf0fe0)
* Expire in 0 ms for 1 (transfer 0x28ae7bf0fe0)
* Expire in 2 ms for 1 (transfer 0x28ae7bf0fe0)
* Expire in 0 ms for 1 (transfer 0x28ae7bf0fe0)
* Expire in 0 ms for 1 (transfer 0x28ae7bf0fe0)
* Expire in 2 ms for 1 (transfer 0x28ae7bf0fe0)
* Expire in 0 ms for 1 (transfer 0x28ae7bf0fe0)
* Expire in 0 ms for 1 (transfer 0x28ae7bf0fe0)
* Expire in 2 ms for 1 (transfer 0x28ae7bf0fe0)
* Expire in 0 ms for 1 (transfer 0x28ae7bf0fe0)
* Expire in 0 ms for 1 (transfer 0x28ae7bf0fe0)
* Expire in 2 ms for 1 (transfer 0x28ae7bf0fe0)
* Expire in 0 ms for 1 (transfer 0x28ae7bf0fe0)
* Expire in 0 ms for 1 (transfer 0x28ae7bf0fe0)
* Expire in 2 ms for 1 (transfer 0x28ae7bf0fe0)
* Expire in 0 ms for 1 (transfer 0x28ae7bf0fe0)
* Expire in 0 ms for 1 (transfer 0x28ae7bf0fe0)
* Expire in 2 ms for 1 (transfer 0x28ae7bf0fe0)
* Expire in 0 ms for 1 (transfer 0x28ae7bf0fe0)
* Expire in 0 ms for 1 (transfer 0x28ae7bf0fe0)
* Expire in 2 ms for 1 (transfer 0x28ae7bf0fe0)
* Expire in 0 ms for 1 (transfer 0x28ae7bf0fe0)
* Expire in 0 ms for 1 (transfer 0x28ae7bf0fe0)
* Expire in 2 ms for 1 (transfer 0x28ae7bf0fe0)
* Expire in 0 ms for 1 (transfer 0x28ae7bf0fe0)
* Expire in 0 ms for 1 (transfer 0x28ae7bf0fe0)
* Expire in 2 ms for 1 (transfer 0x28ae7bf0fe0)
* Expire in 0 ms for 1 (transfer 0x28ae7bf0fe0)
* Expire in 0 ms for 1 (transfer 0x28ae7bf0fe0)
* Expire in 2 ms for 1 (transfer 0x28ae7bf0fe0)
* Expire in 0 ms for 1 (transfer 0x28ae7bf0fe0)
* Expire in 0 ms for 1 (transfer 0x28ae7bf0fe0)
* Expire in 2 ms for 1 (transfer 0x28ae7bf0fe0)
* Expire in 0 ms for 1 (transfer 0x28ae7bf0fe0)
* Expire in 0 ms for 1 (transfer 0x28ae7bf0fe0)
* Expire in 2 ms for 1 (transfer 0x28ae7bf0fe0)
* Expire in 0 ms for 1 (transfer 0x28ae7bf0fe0)
* Expire in 0 ms for 1 (transfer 0x28ae7bf0fe0)
* Expire in 2 ms for 1 (transfer 0x28ae7bf0fe0)
* Expire in 0 ms for 1 (transfer 0x28ae7bf0fe0)
* Expire in 0 ms for 1 (transfer 0x28ae7bf0fe0)
* Expire in 2 ms for 1 (transfer 0x28ae7bf0fe0)
* Expire in 0 ms for 1 (transfer 0x28ae7bf0fe0)
* Expire in 0 ms for 1 (transfer 0x28ae7bf0fe0)
* Expire in 2 ms for 1 (transfer 0x28ae7bf0fe0)
* Expire in 0 ms for 1 (transfer 0x28ae7bf0fe0)
* Expire in 0 ms for 1 (transfer 0x28ae7bf0fe0)
* Expire in 2 ms for 1 (transfer 0x28ae7bf0fe0)
* Expire in 0 ms for 1 (transfer 0x28ae7bf0fe0)
* Expire in 0 ms for 1 (transfer 0x28ae7bf0fe0)
* Expire in 2 ms for 1 (transfer 0x28ae7bf0fe0)
* Expire in 0 ms for 1 (transfer 0x28ae7bf0fe0)
* Expire in 0 ms for 1 (transfer 0x28ae7bf0fe0)
* Expire in 2 ms for 1 (transfer 0x28ae7bf0fe0)
* Expire in 0 ms for 1 (transfer 0x28ae7bf0fe0)
* Expire in 0 ms for 1 (transfer 0x28ae7bf0fe0)
* Expire in 2 ms for 1 (transfer 0x28ae7bf0fe0)
* Expire in 0 ms for 1 (transfer 0x28ae7bf0fe0)
* Expire in 0 ms for 1 (transfer 0x28ae7bf0fe0)
* Expire in 2 ms for 1 (transfer 0x28ae7bf0fe0)
* Expire in 0 ms for 1 (transfer 0x28ae7bf0fe0)
* Expire in 0 ms for 1 (transfer 0x28ae7bf0fe0)
* Expire in 2 ms for 1 (transfer 0x28ae7bf0fe0)
* Expire in 0 ms for 1 (transfer 0x28ae7bf0fe0)
* Expire in 0 ms for 1 (transfer 0x28ae7bf0fe0)
* Expire in 2 ms for 1 (transfer 0x28ae7bf0fe0)
* Expire in 0 ms for 1 (transfer 0x28ae7bf0fe0)
* Expire in 0 ms for 1 (transfer 0x28ae7bf0fe0)
* Expire in 2 ms for 1 (transfer 0x28ae7bf0fe0)
* Expire in 0 ms for 1 (transfer 0x28ae7bf0fe0)
* Expire in 0 ms for 1 (transfer 0x28ae7bf0fe0)
* Expire in 2 ms for 1 (transfer 0x28ae7bf0fe0)
* Expire in 0 ms for 1 (transfer 0x28ae7bf0fe0)
* Expire in 0 ms for 1 (transfer 0x28ae7bf0fe0)
* Expire in 2 ms for 1 (transfer 0x28ae7bf0fe0)
* Expire in 0 ms for 1 (transfer 0x28ae7bf0fe0)
* Expire in 0 ms for 1 (transfer 0x28ae7bf0fe0)
* Expire in 2 ms for 1 (transfer 0x28ae7bf0fe0)
* Expire in 0 ms for 1 (transfer 0x28ae7bf0fe0)
* Expire in 0 ms for 1 (transfer 0x28ae7bf0fe0)
* Expire in 2 ms for 1 (transfer 0x28ae7bf0fe0)
* Expire in 0 ms for 1 (transfer 0x28ae7bf0fe0)
* Expire in 0 ms for 1 (transfer 0x28ae7bf0fe0)
* Expire in 2 ms for 1 (transfer 0x28ae7bf0fe0)
* Expire in 0 ms for 1 (transfer 0x28ae7bf0fe0)
* Expire in 0 ms for 1 (transfer 0x28ae7bf0fe0)
* Expire in 2 ms for 1 (transfer 0x28ae7bf0fe0)
* Expire in 0 ms for 1 (transfer 0x28ae7bf0fe0)
* Expire in 0 ms for 1 (transfer 0x28ae7bf0fe0)
* Expire in 2 ms for 1 (transfer 0x28ae7bf0fe0)
* Expire in 0 ms for 1 (transfer 0x28ae7bf0fe0)
* Expire in 0 ms for 1 (transfer 0x28ae7bf0fe0)
* Expire in 2 ms for 1 (transfer 0x28ae7bf0fe0)
* Expire in 0 ms for 1 (transfer 0x28ae7bf0fe0)
* Expire in 0 ms for 1 (transfer 0x28ae7bf0fe0)
* Expire in 2 ms for 1 (transfer 0x28ae7bf0fe0)
* Expire in 0 ms for 1 (transfer 0x28ae7bf0fe0)
* Expire in 0 ms for 1 (transfer 0x28ae7bf0fe0)
* Expire in 2 ms for 1 (transfer 0x28ae7bf0fe0)
* Expire in 0 ms for 1 (transfer 0x28ae7bf0fe0)
* Expire in 0 ms for 1 (transfer 0x28ae7bf0fe0)
* Expire in 2 ms for 1 (transfer 0x28ae7bf0fe0)
* Expire in 0 ms for 1 (transfer 0x28ae7bf0fe0)
* Expire in 0 ms for 1 (transfer 0x28ae7bf0fe0)
* Expire in 2 ms for 1 (transfer 0x28ae7bf0fe0)
* Expire in 0 ms for 1 (transfer 0x28ae7bf0fe0)
* Expire in 0 ms for 1 (transfer 0x28ae7bf0fe0)
* Expire in 2 ms for 1 (transfer 0x28ae7bf0fe0)
* Expire in 0 ms for 1 (transfer 0x28ae7bf0fe0)
* Expire in 0 ms for 1 (transfer 0x28ae7bf0fe0)
* Expire in 2 ms for 1 (transfer 0x28ae7bf0fe0)
* Expire in 0 ms for 1 (transfer 0x28ae7bf0fe0)
* Expire in 0 ms for 1 (transfer 0x28ae7bf0fe0)
* Expire in 2 ms for 1 (transfer 0x28ae7bf0fe0)
* Expire in 0 ms for 1 (transfer 0x28ae7bf0fe0)
* Expire in 0 ms for 1 (transfer 0x28ae7bf0fe0)
* Expire in 2 ms for 1 (transfer 0x28ae7bf0fe0)
* Expire in 0 ms for 1 (transfer 0x28ae7bf0fe0)
* Expire in 0 ms for 1 (transfer 0x28ae7bf0fe0)
* Expire in 2 ms for 1 (transfer 0x28ae7bf0fe0)
* Expire in 0 ms for 1 (transfer 0x28ae7bf0fe0)
* Expire in 0 ms for 1 (transfer 0x28ae7bf0fe0)
* Expire in 2 ms for 1 (transfer 0x28ae7bf0fe0)
* Expire in 0 ms for 1 (transfer 0x28ae7bf0fe0)
* Expire in 0 ms for 1 (transfer 0x28ae7bf0fe0)
* Expire in 2 ms for 1 (transfer 0x28ae7bf0fe0)
* Expire in 0 ms for 1 (transfer 0x28ae7bf0fe0)
* Expire in 0 ms for 1 (transfer 0x28ae7bf0fe0)
* Expire in 2 ms for 1 (transfer 0x28ae7bf0fe0)
* Expire in 0 ms for 1 (transfer 0x28ae7bf0fe0)
* Expire in 0 ms for 1 (transfer 0x28ae7bf0fe0)
* Expire in 2 ms for 1 (transfer 0x28ae7bf0fe0)
* Expire in 0 ms for 1 (transfer 0x28ae7bf0fe0)
* Expire in 0 ms for 1 (transfer 0x28ae7bf0fe0)
* Expire in 2 ms for 1 (transfer 0x28ae7bf0fe0)
* Expire in 0 ms for 1 (transfer 0x28ae7bf0fe0)
* Expire in 0 ms for 1 (transfer 0x28ae7bf0fe0)
* Expire in 2 ms for 1 (transfer 0x28ae7bf0fe0)
* Expire in 0 ms for 1 (transfer 0x28ae7bf0fe0)
* Expire in 0 ms for 1 (transfer 0x28ae7bf0fe0)
* Expire in 2 ms for 1 (transfer 0x28ae7bf0fe0)
* Expire in 0 ms for 1 (transfer 0x28ae7bf0fe0)
* Expire in 0 ms for 1 (transfer 0x28ae7bf0fe0)
* Expire in 2 ms for 1 (transfer 0x28ae7bf0fe0)
* Expire in 0 ms for 1 (transfer 0x28ae7bf0fe0)
* Expire in 0 ms for 1 (transfer 0x28ae7bf0fe0)
* Expire in 2 ms for 1 (transfer 0x28ae7bf0fe0)
* Expire in 0 ms for 1 (transfer 0x28ae7bf0fe0)
* Expire in 0 ms for 1 (transfer 0x28ae7bf0fe0)
* Expire in 2 ms for 1 (transfer 0x28ae7bf0fe0)
* Expire in 0 ms for 1 (transfer 0x28ae7bf0fe0)
* Expire in 0 ms for 1 (transfer 0x28ae7bf0fe0)
* Expire in 2 ms for 1 (transfer 0x28ae7bf0fe0)
* Expire in 0 ms for 1 (transfer 0x28ae7bf0fe0)
* Expire in 0 ms for 1 (transfer 0x28ae7bf0fe0)
* Expire in 2 ms for 1 (transfer 0x28ae7bf0fe0)
* Expire in 0 ms for 1 (transfer 0x28ae7bf0fe0)
* Expire in 0 ms for 1 (transfer 0x28ae7bf0fe0)
* Expire in 2 ms for 1 (transfer 0x28ae7bf0fe0)
* Expire in 0 ms for 1 (transfer 0x28ae7bf0fe0)
* Expire in 0 ms for 1 (transfer 0x28ae7bf0fe0)
* Expire in 2 ms for 1 (transfer 0x28ae7bf0fe0)
* Expire in 0 ms for 1 (transfer 0x28ae7bf0fe0)
* Expire in 0 ms for 1 (transfer 0x28ae7bf0fe0)
* Expire in 2 ms for 1 (transfer 0x28ae7bf0fe0)
* Expire in 0 ms for 1 (transfer 0x28ae7bf0fe0)
* Expire in 0 ms for 1 (transfer 0x28ae7bf0fe0)
* Expire in 2 ms for 1 (transfer 0x28ae7bf0fe0)
* Expire in 0 ms for 1 (transfer 0x28ae7bf0fe0)
* Expire in 0 ms for 1 (transfer 0x28ae7bf0fe0)
* Expire in 2 ms for 1 (transfer 0x28ae7bf0fe0)
* Expire in 0 ms for 1 (transfer 0x28ae7bf0fe0)
* Expire in 0 ms for 1 (transfer 0x28ae7bf0fe0)
* Expire in 2 ms for 1 (transfer 0x28ae7bf0fe0)
* Expire in 0 ms for 1 (transfer 0x28ae7bf0fe0)
* Expire in 0 ms for 1 (transfer 0x28ae7bf0fe0)
* Expire in 2 ms for 1 (transfer 0x28ae7bf0fe0)
* Expire in 0 ms for 1 (transfer 0x28ae7bf0fe0)
* Expire in 0 ms for 1 (transfer 0x28ae7bf0fe0)
* Expire in 2 ms for 1 (transfer 0x28ae7bf0fe0)
* Expire in 0 ms for 1 (transfer 0x28ae7bf0fe0)
* Expire in 0 ms for 1 (transfer 0x28ae7bf0fe0)
* Expire in 2 ms for 1 (transfer 0x28ae7bf0fe0)
* Expire in 0 ms for 1 (transfer 0x28ae7bf0fe0)
* Expire in 0 ms for 1 (transfer 0x28ae7bf0fe0)
* Expire in 2 ms for 1 (transfer 0x28ae7bf0fe0)
* Expire in 0 ms for 1 (transfer 0x28ae7bf0fe0)
* Expire in 0 ms for 1 (transfer 0x28ae7bf0fe0)
* Expire in 2 ms for 1 (transfer 0x28ae7bf0fe0)
* Expire in 0 ms for 1 (transfer 0x28ae7bf0fe0)
* Expire in 0 ms for 1 (transfer 0x28ae7bf0fe0)
* Expire in 2 ms for 1 (transfer 0x28ae7bf0fe0)
* Expire in 0 ms for 1 (transfer 0x28ae7bf0fe0)
* Expire in 0 ms for 1 (transfer 0x28ae7bf0fe0)
* Expire in 2 ms for 1 (transfer 0x28ae7bf0fe0)
* Expire in 0 ms for 1 (transfer 0x28ae7bf0fe0)
* Expire in 0 ms for 1 (transfer 0x28ae7bf0fe0)
* Expire in 2 ms for 1 (transfer 0x28ae7bf0fe0)
* Expire in 0 ms for 1 (transfer 0x28ae7bf0fe0)
* Expire in 0 ms for 1 (transfer 0x28ae7bf0fe0)
* Expire in 2 ms for 1 (transfer 0x28ae7bf0fe0)
* Expire in 0 ms for 1 (transfer 0x28ae7bf0fe0)
* Expire in 0 ms for 1 (transfer 0x28ae7bf0fe0)
* Expire in 2 ms for 1 (transfer 0x28ae7bf0fe0)
* Expire in 0 ms for 1 (transfer 0x28ae7bf0fe0)
* Expire in 0 ms for 1 (transfer 0x28ae7bf0fe0)
* Expire in 2 ms for 1 (transfer 0x28ae7bf0fe0)
* Expire in 0 ms for 1 (transfer 0x28ae7bf0fe0)
* Expire in 0 ms for 1 (transfer 0x28ae7bf0fe0)
* Expire in 2 ms for 1 (transfer 0x28ae7bf0fe0)
* Expire in 0 ms for 1 (transfer 0x28ae7bf0fe0)
* Expire in 0 ms for 1 (transfer 0x28ae7bf0fe0)
* Expire in 2 ms for 1 (transfer 0x28ae7bf0fe0)
* Expire in 0 ms for 1 (transfer 0x28ae7bf0fe0)
* Expire in 0 ms for 1 (transfer 0x28ae7bf0fe0)
* Expire in 2 ms for 1 (transfer 0x28ae7bf0fe0)
* Expire in 0 ms for 1 (transfer 0x28ae7bf0fe0)
* Expire in 0 ms for 1 (transfer 0x28ae7bf0fe0)
* Expire in 2 ms for 1 (transfer 0x28ae7bf0fe0)
* Expire in 0 ms for 1 (transfer 0x28ae7bf0fe0)
* Expire in 0 ms for 1 (transfer 0x28ae7bf0fe0)
* Expire in 2 ms for 1 (transfer 0x28ae7bf0fe0)
* Expire in 0 ms for 1 (transfer 0x28ae7bf0fe0)
* Expire in 0 ms for 1 (transfer 0x28ae7bf0fe0)
* Expire in 2 ms for 1 (transfer 0x28ae7bf0fe0)
* Expire in 0 ms for 1 (transfer 0x28ae7bf0fe0)
* Expire in 0 ms for 1 (transfer 0x28ae7bf0fe0)
* Expire in 2 ms for 1 (transfer 0x28ae7bf0fe0)
* Expire in 0 ms for 1 (transfer 0x28ae7bf0fe0)
* Expire in 0 ms for 1 (transfer 0x28ae7bf0fe0)
* Expire in 2 ms for 1 (transfer 0x28ae7bf0fe0)
* Expire in 0 ms for 1 (transfer 0x28ae7bf0fe0)
* Expire in 0 ms for 1 (transfer 0x28ae7bf0fe0)
* Expire in 2 ms for 1 (transfer 0x28ae7bf0fe0)
* Expire in 0 ms for 1 (transfer 0x28ae7bf0fe0)
* Expire in 0 ms for 1 (transfer 0x28ae7bf0fe0)
* Expire in 2 ms for 1 (transfer 0x28ae7bf0fe0)
* Expire in 0 ms for 1 (transfer 0x28ae7bf0fe0)
* Expire in 0 ms for 1 (transfer 0x28ae7bf0fe0)
* Expire in 2 ms for 1 (transfer 0x28ae7bf0fe0)
* Expire in 0 ms for 1 (transfer 0x28ae7bf0fe0)
* Expire in 0 ms for 1 (transfer 0x28ae7bf0fe0)
* Expire in 2 ms for 1 (transfer 0x28ae7bf0fe0)
* Expire in 0 ms for 1 (transfer 0x28ae7bf0fe0)
* Expire in 0 ms for 1 (transfer 0x28ae7bf0fe0)
* Expire in 2 ms for 1 (transfer 0x28ae7bf0fe0)
* Expire in 0 ms for 1 (transfer 0x28ae7bf0fe0)
* Expire in 0 ms for 1 (transfer 0x28ae7bf0fe0)
* Expire in 2 ms for 1 (transfer 0x28ae7bf0fe0)
* Expire in 0 ms for 1 (transfer 0x28ae7bf0fe0)
* Expire in 0 ms for 1 (transfer 0x28ae7bf0fe0)
* Expire in 2 ms for 1 (transfer 0x28ae7bf0fe0)
* Expire in 0 ms for 1 (transfer 0x28ae7bf0fe0)
* Expire in 0 ms for 1 (transfer 0x28ae7bf0fe0)
* Expire in 2 ms for 1 (transfer 0x28ae7bf0fe0)
* Expire in 0 ms for 1 (transfer 0x28ae7bf0fe0)
* Expire in 0 ms for 1 (transfer 0x28ae7bf0fe0)
* Expire in 2 ms for 1 (transfer 0x28ae7bf0fe0)
* Expire in 0 ms for 1 (transfer 0x28ae7bf0fe0)
* Expire in 0 ms for 1 (transfer 0x28ae7bf0fe0)
* Expire in 2 ms for 1 (transfer 0x28ae7bf0fe0)
* Expire in 0 ms for 1 (transfer 0x28ae7bf0fe0)
* Expire in 0 ms for 1 (transfer 0x28ae7bf0fe0)
* Expire in 2 ms for 1 (transfer 0x28ae7bf0fe0)
* Expire in 0 ms for 1 (transfer 0x28ae7bf0fe0)
* Expire in 0 ms for 1 (transfer 0x28ae7bf0fe0)
* Expire in 2 ms for 1 (transfer 0x28ae7bf0fe0)
* Expire in 1 ms for 1 (transfer 0x28ae7bf0fe0)
* Expire in 1 ms for 1 (transfer 0x28ae7bf0fe0)
* Expire in 2 ms for 1 (transfer 0x28ae7bf0fe0)
* Expire in 1 ms for 1 (transfer 0x28ae7bf0fe0)
* Expire in 1 ms for 1 (transfer 0x28ae7bf0fe0)
* Expire in 4 ms for 1 (transfer 0x28ae7bf0fe0)
* Expire in 2 ms for 1 (transfer 0x28ae7bf0fe0)
* Expire in 2 ms for 1 (transfer 0x28ae7bf0fe0)
* Expire in 4 ms for 1 (transfer 0x28ae7bf0fe0)
* Expire in 3 ms for 1 (transfer 0x28ae7bf0fe0)
* Expire in 3 ms for 1 (transfer 0x28ae7bf0fe0)
* Expire in 8 ms for 1 (transfer 0x28ae7bf0fe0)
* Expire in 4 ms for 1 (transfer 0x28ae7bf0fe0)
* Expire in 4 ms for 1 (transfer 0x28ae7bf0fe0)
* Expire in 8 ms for 1 (transfer 0x28ae7bf0fe0)
* Expire in 5 ms for 1 (transfer 0x28ae7bf0fe0)
* Expire in 5 ms for 1 (transfer 0x28ae7bf0fe0)
* Expire in 8 ms for 1 (transfer 0x28ae7bf0fe0)
* Expire in 6 ms for 1 (transfer 0x28ae7bf0fe0)
* Expire in 6 ms for 1 (transfer 0x28ae7bf0fe0)
* Expire in 8 ms for 1 (transfer 0x28ae7bf0fe0)
* Expire in 8 ms for 1 (transfer 0x28ae7bf0fe0)
* Expire in 8 ms for 1 (transfer 0x28ae7bf0fe0)
* Expire in 16 ms for 1 (transfer 0x28ae7bf0fe0)
* Expire in 11 ms for 1 (transfer 0x28ae7bf0fe0)
* Expire in 11 ms for 1 (transfer 0x28ae7bf0fe0)
* Expire in 16 ms for 1 (transfer 0x28ae7bf0fe0)
* Expire in 15 ms for 1 (transfer 0x28ae7bf0fe0)
* Expire in 15 ms for 1 (transfer 0x28ae7bf0fe0)
* Expire in 50 ms for 1 (transfer 0x28ae7bf0fe0)
*   Trying 66.185.182.68...
* TCP_NODELAY set
* Expire in 200 ms for 4 (transfer 0x28ae7bf0fe0)
* Connected to vietcombank.ubctest.cybersource.com (66.185.182.68) port 443 (#0)
* ALPN, offering h2
* ALPN, offering http/1.1
* successfully set certificate verify locations:
*   CAfile: D:\laragon\www\vcb-master-card\vendor\cybersource\rest-client-php\lib\ssl/cacert.pem
  CApath: none
* SSL connection using TLSv1.2 / AES256-GCM-SHA384
* ALPN, server did not agree to a protocol
* Server certificate:
*  subject: C=US; ST=California; L=Foster City; O=Cybersource Corporation; CN=*.ubctest.cybersource.com
*  start date: May 18 14:56:09 2020 GMT
*  expire date: Jun 15 15:26:08 2021 GMT
*  subjectAltName: host "vietcombank.ubctest.cybersource.com" matched cert's "*.ubctest.cybersource.com"
*  issuer: C=US; O=Entrust, Inc.; OU=See www.entrust.net/legal-terms; OU=(c) 2012 Entrust, Inc. - for authorized use only; CN=Entrust Certification Authority - L1K
*  SSL certificate verify ok.
> POST /pts/v2/payments HTTP/1.1
Host:vietcombank.ubctest.cybersource.com
User-Agent: Swagger-Codegen/1.0.0/php
Accept: application/hal+json;charset=utf-8
Content-Type: application/json
v-c-merchant-id:levien07
Signature:keyid="d5b8f996-25ee-4c2b-a7ba-98deb64c62ac", algorithm="HmacSHA256", headers="host date (request-target) digest v-c-merchant-id", signature="h76tR2+5lc61sZ9G+O8Lggn1QtYKbqToMKlkvHk6W6U="
Date:Mon, 10 Aug 2020 12:13:06 GMT
v-c-client-id:cybs-rest-sdk-php-0.0.15
Digest: SHA-256=ELHSDLSBswNfFx0nR9IP+KKUr5E//oZ51k+QwZASTv0=
Content-Length: 490

* upload completely sent off: 490 out of 490 bytes
< HTTP/1.1 400 Bad Request
< Content-Type: application/json
< Content-Length: 258
< X-Cnection: close
< x-response-time: 259ms
< Strict-Transport-Security: max-age=31536000
< v-c-correlation-id: 14075471-1088-4f78-9b45-311251c22f5d
< 
* Connection #0 to host vietcombank.ubctest.cybersource.com left intact
[DEBUG] HTTP Response body ~BEGIN~
{"submitTimeUtc":"2020-08-10T05:13:05Z","status":"INVALID_REQUEST","reason":"INVALID_DATA","message":"Declined - One or more fields in the request contains invalid data","details":[{"field":"orderInformation.amountDetails.currency","reason":"INVALID_DATA"}]}
~END~
